This is pdfTeX, Version 3.14159265-2.6-1.40.18 (MiKTeX 2.9.6500 64-bit) (preloaded format=pdflatex 2017.12.14)  28 JAN 2018 20:03
entering extended mode
**./main.tex
(main.tex
LaTeX2e <2017-04-15>
Babel <3.15> and hyphenation patterns for 75 language(s) loaded.
("C:\Program Files\MiKTeX 2.9\tex\latex\base\report.cls"
Document Class: report 2014/09/29 v1.4h Standard LaTeX document class
("C:\Program Files\MiKTeX 2.9\tex\latex\base\size11.clo"
File: size11.clo 2014/09/29 v1.4h Standard LaTeX file (size option)
)
\c@part=\count79
\c@chapter=\count80
\c@section=\count81
\c@subsection=\count82
\c@subsubsection=\count83
\c@paragraph=\count84
\c@subparagraph=\count85
\c@figure=\count86
\c@table=\count87
\abovecaptionskip=\skip41
\belowcaptionskip=\skip42
\bibindent=\dimen102
)
("C:\Program Files\MiKTeX 2.9\tex\latex\base\inputenc.sty"
Package: inputenc 2015/03/17 v1.2c Input encoding file
\inpenc@prehook=\toks14
\inpenc@posthook=\toks15

("C:\Program Files\MiKTeX 2.9\tex\latex\base\utf8.def"
File: utf8.def 2017/01/28 v1.1t UTF-8 support for inputenc
Now handling font encoding OML ...
... no UTF-8 mapping file for font encoding OML
Now handling font encoding T1 ...
... processing UTF-8 mapping file for font encoding T1

("C:\Program Files\MiKTeX 2.9\tex\latex\base\t1enc.dfu"
File: t1enc.dfu 2017/01/28 v1.1t UTF-8 support for inputenc
   defining Unicode char U+00A0 (decimal 160)
   defining Unicode char U+00A1 (decimal 161)
   defining Unicode char U+00A3 (decimal 163)
   defining Unicode char U+00AB (decimal 171)
   defining Unicode char U+00AD (decimal 173)
   defining Unicode char U+00BB (decimal 187)
   defining Unicode char U+00BF (decimal 191)
   defining Unicode char U+00C0 (decimal 192)
   defining Unicode char U+00C1 (decimal 193)
   defining Unicode char U+00C2 (decimal 194)
   defining Unicode char U+00C3 (decimal 195)
   defining Unicode char U+00C4 (decimal 196)
   defining Unicode char U+00C5 (decimal 197)
   defining Unicode char U+00C6 (decimal 198)
   defining Unicode char U+00C7 (decimal 199)
   defining Unicode char U+00C8 (decimal 200)
   defining Unicode char U+00C9 (decimal 201)
   defining Unicode char U+00CA (decimal 202)
   defining Unicode char U+00CB (decimal 203)
   defining Unicode char U+00CC (decimal 204)
   defining Unicode char U+00CD (decimal 205)
   defining Unicode char U+00CE (decimal 206)
   defining Unicode char U+00CF (decimal 207)
   defining Unicode char U+00D0 (decimal 208)
   defining Unicode char U+00D1 (decimal 209)
   defining Unicode char U+00D2 (decimal 210)
   defining Unicode char U+00D3 (decimal 211)
   defining Unicode char U+00D4 (decimal 212)
   defining Unicode char U+00D5 (decimal 213)
   defining Unicode char U+00D6 (decimal 214)
   defining Unicode char U+00D8 (decimal 216)
   defining Unicode char U+00D9 (decimal 217)
   defining Unicode char U+00DA (decimal 218)
   defining Unicode char U+00DB (decimal 219)
   defining Unicode char U+00DC (decimal 220)
   defining Unicode char U+00DD (decimal 221)
   defining Unicode char U+00DE (decimal 222)
   defining Unicode char U+00DF (decimal 223)
   defining Unicode char U+00E0 (decimal 224)
   defining Unicode char U+00E1 (decimal 225)
   defining Unicode char U+00E2 (decimal 226)
   defining Unicode char U+00E3 (decimal 227)
   defining Unicode char U+00E4 (decimal 228)
   defining Unicode char U+00E5 (decimal 229)
   defining Unicode char U+00E6 (decimal 230)
   defining Unicode char U+00E7 (decimal 231)
   defining Unicode char U+00E8 (decimal 232)
   defining Unicode char U+00E9 (decimal 233)
   defining Unicode char U+00EA (decimal 234)
   defining Unicode char U+00EB (decimal 235)
   defining Unicode char U+00EC (decimal 236)
   defining Unicode char U+00ED (decimal 237)
   defining Unicode char U+00EE (decimal 238)
   defining Unicode char U+00EF (decimal 239)
   defining Unicode char U+00F0 (decimal 240)
   defining Unicode char U+00F1 (decimal 241)
   defining Unicode char U+00F2 (decimal 242)
   defining Unicode char U+00F3 (decimal 243)
   defining Unicode char U+00F4 (decimal 244)
   defining Unicode char U+00F5 (decimal 245)
   defining Unicode char U+00F6 (decimal 246)
   defining Unicode char U+00F8 (decimal 248)
   defining Unicode char U+00F9 (decimal 249)
   defining Unicode char U+00FA (decimal 250)
   defining Unicode char U+00FB (decimal 251)
   defining Unicode char U+00FC (decimal 252)
   defining Unicode char U+00FD (decimal 253)
   defining Unicode char U+00FE (decimal 254)
   defining Unicode char U+00FF (decimal 255)
   defining Unicode char U+0100 (decimal 256)
   defining Unicode char U+0101 (decimal 257)
   defining Unicode char U+0102 (decimal 258)
   defining Unicode char U+0103 (decimal 259)
   defining Unicode char U+0104 (decimal 260)
   defining Unicode char U+0105 (decimal 261)
   defining Unicode char U+0106 (decimal 262)
   defining Unicode char U+0107 (decimal 263)
   defining Unicode char U+0108 (decimal 264)
   defining Unicode char U+0109 (decimal 265)
   defining Unicode char U+010A (decimal 266)
   defining Unicode char U+010B (decimal 267)
   defining Unicode char U+010C (decimal 268)
   defining Unicode char U+010D (decimal 269)
   defining Unicode char U+010E (decimal 270)
   defining Unicode char U+010F (decimal 271)
   defining Unicode char U+0110 (decimal 272)
   defining Unicode char U+0111 (decimal 273)
   defining Unicode char U+0112 (decimal 274)
   defining Unicode char U+0113 (decimal 275)
   defining Unicode char U+0114 (decimal 276)
   defining Unicode char U+0115 (decimal 277)
   defining Unicode char U+0116 (decimal 278)
   defining Unicode char U+0117 (decimal 279)
   defining Unicode char U+0118 (decimal 280)
   defining Unicode char U+0119 (decimal 281)
   defining Unicode char U+011A (decimal 282)
   defining Unicode char U+011B (decimal 283)
   defining Unicode char U+011C (decimal 284)
   defining Unicode char U+011D (decimal 285)
   defining Unicode char U+011E (decimal 286)
   defining Unicode char U+011F (decimal 287)
   defining Unicode char U+0120 (decimal 288)
   defining Unicode char U+0121 (decimal 289)
   defining Unicode char U+0122 (decimal 290)
   defining Unicode char U+0123 (decimal 291)
   defining Unicode char U+0124 (decimal 292)
   defining Unicode char U+0125 (decimal 293)
   defining Unicode char U+0128 (decimal 296)
   defining Unicode char U+0129 (decimal 297)
   defining Unicode char U+012A (decimal 298)
   defining Unicode char U+012B (decimal 299)
   defining Unicode char U+012C (decimal 300)
   defining Unicode char U+012D (decimal 301)
   defining Unicode char U+012E (decimal 302)
   defining Unicode char U+012F (decimal 303)
   defining Unicode char U+0130 (decimal 304)
   defining Unicode char U+0131 (decimal 305)
   defining Unicode char U+0132 (decimal 306)
   defining Unicode char U+0133 (decimal 307)
   defining Unicode char U+0134 (decimal 308)
   defining Unicode char U+0135 (decimal 309)
   defining Unicode char U+0136 (decimal 310)
   defining Unicode char U+0137 (decimal 311)
   defining Unicode char U+0139 (decimal 313)
   defining Unicode char U+013A (decimal 314)
   defining Unicode char U+013B (decimal 315)
   defining Unicode char U+013C (decimal 316)
   defining Unicode char U+013D (decimal 317)
   defining Unicode char U+013E (decimal 318)
   defining Unicode char U+0141 (decimal 321)
   defining Unicode char U+0142 (decimal 322)
   defining Unicode char U+0143 (decimal 323)
   defining Unicode char U+0144 (decimal 324)
   defining Unicode char U+0145 (decimal 325)
   defining Unicode char U+0146 (decimal 326)
   defining Unicode char U+0147 (decimal 327)
   defining Unicode char U+0148 (decimal 328)
   defining Unicode char U+014A (decimal 330)
   defining Unicode char U+014B (decimal 331)
   defining Unicode char U+014C (decimal 332)
   defining Unicode char U+014D (decimal 333)
   defining Unicode char U+014E (decimal 334)
   defining Unicode char U+014F (decimal 335)
   defining Unicode char U+0150 (decimal 336)
   defining Unicode char U+0151 (decimal 337)
   defining Unicode char U+0152 (decimal 338)
   defining Unicode char U+0153 (decimal 339)
   defining Unicode char U+0154 (decimal 340)
   defining Unicode char U+0155 (decimal 341)
   defining Unicode char U+0156 (decimal 342)
   defining Unicode char U+0157 (decimal 343)
   defining Unicode char U+0158 (decimal 344)
   defining Unicode char U+0159 (decimal 345)
   defining Unicode char U+015A (decimal 346)
   defining Unicode char U+015B (decimal 347)
   defining Unicode char U+015C (decimal 348)
   defining Unicode char U+015D (decimal 349)
   defining Unicode char U+015E (decimal 350)
   defining Unicode char U+015F (decimal 351)
   defining Unicode char U+0160 (decimal 352)
   defining Unicode char U+0161 (decimal 353)
   defining Unicode char U+0162 (decimal 354)
   defining Unicode char U+0163 (decimal 355)
   defining Unicode char U+0164 (decimal 356)
   defining Unicode char U+0165 (decimal 357)
   defining Unicode char U+0168 (decimal 360)
   defining Unicode char U+0169 (decimal 361)
   defining Unicode char U+016A (decimal 362)
   defining Unicode char U+016B (decimal 363)
   defining Unicode char U+016C (decimal 364)
   defining Unicode char U+016D (decimal 365)
   defining Unicode char U+016E (decimal 366)
   defining Unicode char U+016F (decimal 367)
   defining Unicode char U+0170 (decimal 368)
   defining Unicode char U+0171 (decimal 369)
   defining Unicode char U+0172 (decimal 370)
   defining Unicode char U+0173 (decimal 371)
   defining Unicode char U+0174 (decimal 372)
   defining Unicode char U+0175 (decimal 373)
   defining Unicode char U+0176 (decimal 374)
   defining Unicode char U+0177 (decimal 375)
   defining Unicode char U+0178 (decimal 376)
   defining Unicode char U+0179 (decimal 377)
   defining Unicode char U+017A (decimal 378)
   defining Unicode char U+017B (decimal 379)
   defining Unicode char U+017C (decimal 380)
   defining Unicode char U+017D (decimal 381)
   defining Unicode char U+017E (decimal 382)
   defining Unicode char U+01CD (decimal 461)
   defining Unicode char U+01CE (decimal 462)
   defining Unicode char U+01CF (decimal 463)
   defining Unicode char U+01D0 (decimal 464)
   defining Unicode char U+01D1 (decimal 465)
   defining Unicode char U+01D2 (decimal 466)
   defining Unicode char U+01D3 (decimal 467)
   defining Unicode char U+01D4 (decimal 468)
   defining Unicode char U+01E2 (decimal 482)
   defining Unicode char U+01E3 (decimal 483)
   defining Unicode char U+01E6 (decimal 486)
   defining Unicode char U+01E7 (decimal 487)
   defining Unicode char U+01E8 (decimal 488)
   defining Unicode char U+01E9 (decimal 489)
   defining Unicode char U+01EA (decimal 490)
   defining Unicode char U+01EB (decimal 491)
   defining Unicode char U+01F0 (decimal 496)
   defining Unicode char U+01F4 (decimal 500)
   defining Unicode char U+01F5 (decimal 501)
   defining Unicode char U+0218 (decimal 536)
   defining Unicode char U+0219 (decimal 537)
   defining Unicode char U+021A (decimal 538)
   defining Unicode char U+021B (decimal 539)
   defining Unicode char U+0232 (decimal 562)
   defining Unicode char U+0233 (decimal 563)
   defining Unicode char U+1E02 (decimal 7682)
   defining Unicode char U+1E03 (decimal 7683)
   defining Unicode char U+200C (decimal 8204)
   defining Unicode char U+2010 (decimal 8208)
   defining Unicode char U+2011 (decimal 8209)
   defining Unicode char U+2012 (decimal 8210)
   defining Unicode char U+2013 (decimal 8211)
   defining Unicode char U+2014 (decimal 8212)
   defining Unicode char U+2015 (decimal 8213)
   defining Unicode char U+2018 (decimal 8216)
   defining Unicode char U+2019 (decimal 8217)
   defining Unicode char U+201A (decimal 8218)
   defining Unicode char U+201C (decimal 8220)
   defining Unicode char U+201D (decimal 8221)
   defining Unicode char U+201E (decimal 8222)
   defining Unicode char U+2030 (decimal 8240)
   defining Unicode char U+2031 (decimal 8241)
   defining Unicode char U+2039 (decimal 8249)
   defining Unicode char U+203A (decimal 8250)
   defining Unicode char U+2423 (decimal 9251)
   defining Unicode char U+1E20 (decimal 7712)
   defining Unicode char U+1E21 (decimal 7713)
)
Now handling font encoding OT1 ...
... processing UTF-8 mapping file for font encoding OT1

("C:\Program Files\MiKTeX 2.9\tex\latex\base\ot1enc.dfu"
File: ot1enc.dfu 2017/01/28 v1.1t UTF-8 support for inputenc
   defining Unicode char U+00A0 (decimal 160)
   defining Unicode char U+00A1 (decimal 161)
   defining Unicode char U+00A3 (decimal 163)
   defining Unicode char U+00AD (decimal 173)
   defining Unicode char U+00B8 (decimal 184)
   defining Unicode char U+00BF (decimal 191)
   defining Unicode char U+00C5 (decimal 197)
   defining Unicode char U+00C6 (decimal 198)
   defining Unicode char U+00D8 (decimal 216)
   defining Unicode char U+00DF (decimal 223)
   defining Unicode char U+00E6 (decimal 230)
   defining Unicode char U+00EC (decimal 236)
   defining Unicode char U+00ED (decimal 237)
   defining Unicode char U+00EE (decimal 238)
   defining Unicode char U+00EF (decimal 239)
   defining Unicode char U+00F8 (decimal 248)
   defining Unicode char U+0131 (decimal 305)
   defining Unicode char U+0141 (decimal 321)
   defining Unicode char U+0142 (decimal 322)
   defining Unicode char U+0152 (decimal 338)
   defining Unicode char U+0153 (decimal 339)
   defining Unicode char U+0174 (decimal 372)
   defining Unicode char U+0175 (decimal 373)
   defining Unicode char U+0176 (decimal 374)
   defining Unicode char U+0177 (decimal 375)
   defining Unicode char U+0218 (decimal 536)
   defining Unicode char U+0219 (decimal 537)
   defining Unicode char U+021A (decimal 538)
   defining Unicode char U+021B (decimal 539)
   defining Unicode char U+2013 (decimal 8211)
   defining Unicode char U+2014 (decimal 8212)
   defining Unicode char U+2018 (decimal 8216)
   defining Unicode char U+2019 (decimal 8217)
   defining Unicode char U+201C (decimal 8220)
   defining Unicode char U+201D (decimal 8221)
)
Now handling font encoding OMS ...
... processing UTF-8 mapping file for font encoding OMS

("C:\Program Files\MiKTeX 2.9\tex\latex\base\omsenc.dfu"
File: omsenc.dfu 2017/01/28 v1.1t UTF-8 support for inputenc
   defining Unicode char U+00A7 (decimal 167)
   defining Unicode char U+00B6 (decimal 182)
   defining Unicode char U+00B7 (decimal 183)
   defining Unicode char U+2020 (decimal 8224)
   defining Unicode char U+2021 (decimal 8225)
   defining Unicode char U+2022 (decimal 8226)
)
Now handling font encoding OMX ...
... no UTF-8 mapping file for font encoding OMX
Now handling font encoding U ...
... no UTF-8 mapping file for font encoding U
   defining Unicode char U+00A9 (decimal 169)
   defining Unicode char U+00AA (decimal 170)
   defining Unicode char U+00AE (decimal 174)
   defining Unicode char U+00BA (decimal 186)
   defining Unicode char U+02C6 (decimal 710)
   defining Unicode char U+02DC (decimal 732)
   defining Unicode char U+200C (decimal 8204)
   defining Unicode char U+2026 (decimal 8230)
   defining Unicode char U+2122 (decimal 8482)
   defining Unicode char U+2423 (decimal 9251)
))
("C:\Program Files\MiKTeX 2.9\tex\latex\base\fontenc.sty"
Package: fontenc 2017/04/05 v2.0i Standard LaTeX package

("C:\Program Files\MiKTeX 2.9\tex\latex\base\t1enc.def"
File: t1enc.def 2017/04/05 v2.0i Standard LaTeX file
LaTeX Font Info:    Redeclaring font encoding T1 on input line 48.
))
("C:\Program Files\MiKTeX 2.9\tex\latex\polski\polski.sty"
Package: polski 2017/05/04 v1.3.4 Polish language package

   Inputenc package detected. Catcodes not changed.
) ("C:\Program Files\MiKTeX 2.9\tex\generic\babel\babel.sty"
Package: babel 2017/11/03 3.15 The Babel package

("C:\Program Files\MiKTeX 2.9\tex\generic\babel\switch.def"
File: switch.def 2017/11/03 3.15 Babel switching mechanism
)
*************************************
* Local config file bblopts.cfg used
*
("C:\Program Files\MiKTeX 2.9\tex\latex\arabi\bblopts.cfg"
File: bblopts.cfg 2005/09/08 v0.1 add Arabic and Farsi to "declared" options of
 babel
)
("C:\Program Files\MiKTeX 2.9\tex\latex\babel-english\english.ldf"
Language: english 2017/06/06 v3.3r English support from the babel system

("C:\Program Files\MiKTeX 2.9\tex\generic\babel\babel.def"
File: babel.def 2017/11/03 3.15 Babel common definitions

("C:\Program Files\MiKTeX 2.9\tex\generic\babel\switch.def"
File: switch.def 2017/11/03 3.15 Babel switching mechanism
)
\babel@savecnt=\count88
\U@D=\dimen103
)
\l@canadian = a dialect from \language\l@american 
\l@australian = a dialect from \language\l@british 
\l@newzealand = a dialect from \language\l@british 
)
("C:\Program Files\MiKTeX 2.9\tex\latex\babel-polish\polish.ldf"
Language: polish 2005/03/31 v1.2l Polish support from the babel system
Package babel Info: Making " an active character on input line 83.
\pl@left=\dimen104
\pl@down=\dimen105
\pl@right=\dimen106
\pl@temp=\dimen107
))
("C:\Program Files\MiKTeX 2.9\tex\latex\preprint\fullpage.sty"
Package: fullpage 1999/02/23 1.1 (PWD)
\FP@margin=\skip43
)
("C:\Program Files\MiKTeX 2.9\tex\latex\pdfpages\pdfpages.sty"
Package: pdfpages 2017/10/31 v0.5l Insert pages of external PDF documents (AM)

("C:\Program Files\MiKTeX 2.9\tex\latex\base\ifthen.sty"
Package: ifthen 2014/09/29 v1.1c Standard LaTeX ifthen package (DPC)
)
("C:\Program Files\MiKTeX 2.9\tex\latex\tools\calc.sty"
Package: calc 2014/10/28 v4.3 Infix arithmetic (KKT,FJ)
\calc@Acount=\count89
\calc@Bcount=\count90
\calc@Adimen=\dimen108
\calc@Bdimen=\dimen109
\calc@Askip=\skip44
\calc@Bskip=\skip45
LaTeX Info: Redefining \setlength on input line 80.
LaTeX Info: Redefining \addtolength on input line 81.
\calc@Ccount=\count91
\calc@Cskip=\skip46
)
("C:\Program Files\MiKTeX 2.9\tex\latex\eso-pic\eso-pic.sty"
Package: eso-pic 2015/07/21 v2.0g eso-pic (RN)

("C:\Program Files\MiKTeX 2.9\tex\generic\oberdiek\atbegshi.sty"
Package: atbegshi 2016/06/09 v1.18 At begin shipout hook (HO)

("C:\Program Files\MiKTeX 2.9\tex\generic\oberdiek\infwarerr.sty"
Package: infwarerr 2016/05/16 v1.4 Providing info/warning/error messages (HO)
)
("C:\Program Files\MiKTeX 2.9\tex\generic\oberdiek\ltxcmds.sty"
Package: ltxcmds 2016/05/16 v1.23 LaTeX kernel commands for general use (HO)
)
("C:\Program Files\MiKTeX 2.9\tex\generic\oberdiek\ifpdf.sty"
Package: ifpdf 2017/03/15 v3.2 Provides the ifpdf switch
))
("C:\Program Files\MiKTeX 2.9\tex\latex\graphics\keyval.sty"
Package: keyval 2014/10/28 v1.15 key=value parser (DPC)
\KV@toks@=\toks16
)
("C:\Program Files\MiKTeX 2.9\tex\latex\xcolor\xcolor.sty"
Package: xcolor 2016/05/11 v2.12 LaTeX color extensions (UK)

("C:\Program Files\MiKTeX 2.9\tex\latex\graphics-cfg\color.cfg"
File: color.cfg 2016/01/02 v1.6 sample color configuration
)
Package xcolor Info: Driver file: pdftex.def on input line 225.

("C:\Program Files\MiKTeX 2.9\tex\latex\graphics-def\pdftex.def"
File: pdftex.def 2017/06/24 v1.0g Graphics/color driver for pdftex
)
Package xcolor Info: Model `cmy' substituted by `cmy0' on input line 1348.
Package xcolor Info: Model `hsb' substituted by `rgb' on input line 1352.
Package xcolor Info: Model `RGB' extended on input line 1364.
Package xcolor Info: Model `HTML' substituted by `rgb' on input line 1366.
Package xcolor Info: Model `Hsb' substituted by `hsb' on input line 1367.
Package xcolor Info: Model `tHsb' substituted by `hsb' on input line 1368.
Package xcolor Info: Model `HSB' substituted by `hsb' on input line 1369.
Package xcolor Info: Model `Gray' substituted by `gray' on input line 1370.
Package xcolor Info: Model `wave' substituted by `hsb' on input line 1371.
))
("C:\Program Files\MiKTeX 2.9\tex\latex\graphics\graphicx.sty"
Package: graphicx 2017/06/01 v1.1a Enhanced LaTeX Graphics (DPC,SPQR)

("C:\Program Files\MiKTeX 2.9\tex\latex\graphics\graphics.sty"
Package: graphics 2017/06/25 v1.2c Standard LaTeX Graphics (DPC,SPQR)

("C:\Program Files\MiKTeX 2.9\tex\latex\graphics\trig.sty"
Package: trig 2016/01/03 v1.10 sin cos tan (DPC)
)
("C:\Program Files\MiKTeX 2.9\tex\latex\graphics-cfg\graphics.cfg"
File: graphics.cfg 2016/06/04 v1.11 sample graphics configuration
)
Package graphics Info: Driver file: pdftex.def on input line 99.
)
\Gin@req@height=\dimen110
\Gin@req@width=\dimen111
)
\AM@pagewidth=\dimen112
\AM@pageheight=\dimen113

("C:\Program Files\MiKTeX 2.9\tex\latex\pdfpages\pppdftex.def"
File: pppdftex.def 2017/10/31 v0.5l Pdfpages driver for pdfTeX (AM)
)
\AM@pagebox=\box26
\AM@global@opts=\toks17
\AM@toc@title=\toks18
\c@AM@survey=\count92
\AM@templatesizebox=\box27
)
("C:\Program Files\MiKTeX 2.9\tex\latex\siunitx\siunitx.sty"
("C:\Program Files\MiKTeX 2.9\tex\latex\l3kernel\expl3.sty"
Package: expl3 2017/12/05 L3 programming layer (loader) 

("C:\Program Files\MiKTeX 2.9\tex\latex\l3kernel\expl3-code.tex"
Package: expl3 2017/12/05 L3 programming layer (code)
\c_max_int=\count93
\l_tmpa_int=\count94
\l_tmpb_int=\count95
\g_tmpa_int=\count96
\g_tmpb_int=\count97
\g__intarray_font_int=\count98
\g__prg_map_int=\count99
\c_log_iow=\count100
\l_iow_line_count_int=\count101
\l__iow_line_target_int=\count102
\l__iow_one_indent_int=\count103
\l__iow_indent_int=\count104
\c_zero_dim=\dimen114
\c_max_dim=\dimen115
\l_tmpa_dim=\dimen116
\l_tmpb_dim=\dimen117
\g_tmpa_dim=\dimen118
\g_tmpb_dim=\dimen119
\c_zero_skip=\skip47
\c_max_skip=\skip48
\l_tmpa_skip=\skip49
\l_tmpb_skip=\skip50
\g_tmpa_skip=\skip51
\g_tmpb_skip=\skip52
\c_zero_muskip=\muskip10
\c_max_muskip=\muskip11
\l_tmpa_muskip=\muskip12
\l_tmpb_muskip=\muskip13
\g_tmpa_muskip=\muskip14
\g_tmpb_muskip=\muskip15
\l_keys_choice_int=\count105
\c__fp_leading_shift_int=\count106
\c__fp_middle_shift_int=\count107
\c__fp_trailing_shift_int=\count108
\c__fp_big_leading_shift_int=\count109
\c__fp_big_middle_shift_int=\count110
\c__fp_big_trailing_shift_int=\count111
\c__fp_Bigg_leading_shift_int=\count112
\c__fp_Bigg_middle_shift_int=\count113
\c__fp_Bigg_trailing_shift_int=\count114
\c__fp_rand_size_int=\count115
\c__fp_rand_four_int=\count116
\c__fp_rand_eight_int=\count117
\l__sort_length_int=\count118
\l__sort_min_int=\count119
\l__sort_top_int=\count120
\l__sort_max_int=\count121
\l__sort_true_max_int=\count122
\l__sort_block_int=\count123
\l__sort_begin_int=\count124
\l__sort_end_int=\count125
\l__sort_A_int=\count126
\l__sort_B_int=\count127
\l__sort_C_int=\count128
\l__tl_build_start_index_int=\count129
\l__tl_build_index_int=\count130
\l__tl_analysis_normal_int=\count131
\l__tl_analysis_index_int=\count132
\l__tl_analysis_nesting_int=\count133
\l__tl_analysis_type_int=\count134
\l__regex_internal_a_int=\count135
\l__regex_internal_b_int=\count136
\l__regex_internal_c_int=\count137
\l__regex_balance_int=\count138
\l__regex_group_level_int=\count139
\l__regex_mode_int=\count140
\c__regex_cs_in_class_mode_int=\count141
\c__regex_cs_mode_int=\count142
\l__regex_catcodes_int=\count143
\l__regex_default_catcodes_int=\count144
\c__regex_catcode_D_int=\count145
\c__regex_catcode_S_int=\count146
\c__regex_catcode_L_int=\count147
\c__regex_catcode_O_int=\count148
\c__regex_catcode_A_int=\count149
\c__regex_all_catcodes_int=\count150
\l__regex_show_lines_int=\count151
\l__regex_min_state_int=\count152
\l__regex_max_state_int=\count153
\l__regex_left_state_int=\count154
\l__regex_right_state_int=\count155
\l__regex_capturing_group_int=\count156
\l__regex_min_pos_int=\count157
\l__regex_max_pos_int=\count158
\l__regex_curr_pos_int=\count159
\l__regex_start_pos_int=\count160
\l__regex_success_pos_int=\count161
\l__regex_curr_char_int=\count162
\l__regex_curr_catcode_int=\count163
\l__regex_last_char_int=\count164
\l__regex_case_changed_char_int=\count165
\l__regex_curr_state_int=\count166
\l__regex_step_int=\count167
\l__regex_min_active_int=\count168
\l__regex_max_active_int=\count169
\l__regex_replacement_csnames_int=\count170
\l__regex_match_count_int=\count171
\l__regex_min_submatch_int=\count172
\l__regex_submatch_int=\count173
\l__regex_zeroth_submatch_int=\count174
\g__debug_trace_regex_int=\count175
\c_empty_box=\box28
\l_tmpa_box=\box29
\l_tmpb_box=\box30
\g_tmpa_box=\box31
\g_tmpb_box=\box32
\l__box_top_dim=\dimen120
\l__box_bottom_dim=\dimen121
\l__box_left_dim=\dimen122
\l__box_right_dim=\dimen123
\l__box_top_new_dim=\dimen124
\l__box_bottom_new_dim=\dimen125
\l__box_left_new_dim=\dimen126
\l__box_right_new_dim=\dimen127
\l__box_internal_box=\box33
\l__coffin_internal_box=\box34
\l__coffin_internal_dim=\dimen128
\l__coffin_offset_x_dim=\dimen129
\l__coffin_offset_y_dim=\dimen130
\l__coffin_x_dim=\dimen131
\l__coffin_y_dim=\dimen132
\l__coffin_x_prime_dim=\dimen133
\l__coffin_y_prime_dim=\dimen134
\c_empty_coffin=\box35
\l__coffin_aligned_coffin=\box36
\l__coffin_aligned_internal_coffin=\box37
\l_tmpa_coffin=\box38
\l_tmpb_coffin=\box39
\l__coffin_display_coffin=\box40
\l__coffin_display_coord_coffin=\box41
\l__coffin_display_pole_coffin=\box42
\l__coffin_display_offset_dim=\dimen135
\l__coffin_display_x_dim=\dimen136
\l__coffin_display_y_dim=\dimen137
\l__coffin_bounding_shift_dim=\dimen138
\l__coffin_left_corner_dim=\dimen139
\l__coffin_right_corner_dim=\dimen140
\l__coffin_bottom_corner_dim=\dimen141
\l__coffin_top_corner_dim=\dimen142
\l__coffin_scaled_total_height_dim=\dimen143
\l__coffin_scaled_width_dim=\dimen144
)
("C:\Program Files\MiKTeX 2.9\tex\latex\l3kernel\l3pdfmode.def"
File: l3pdfmode.def 2017/03/18 v L3 Experimental driver: PDF mode
\l__driver_color_stack_int=\count176
\l__driver_tmp_box=\box43
))
("C:\Program Files\MiKTeX 2.9\tex\latex\l3packages\xparse\xparse.sty"
Package: xparse 2017/12/05 L3 Experimental document command parser
\l__xparse_current_arg_int=\count177
\g__xparse_grabber_int=\count178
\l__xparse_m_args_int=\count179
\l__xparse_mandatory_args_int=\count180
\l__xparse_v_nesting_int=\count181
)
Package: siunitx 2017/11/26 v2.7k A comprehensive (SI) units package

("C:\Program Files\MiKTeX 2.9\tex\latex\amsmath\amstext.sty"
Package: amstext 2000/06/29 v2.01 AMS text

("C:\Program Files\MiKTeX 2.9\tex\latex\amsmath\amsgen.sty"
File: amsgen.sty 1999/11/30 v2.0 generic functions
\@emptytoks=\toks19
\ex@=\dimen145
))
("C:\Program Files\MiKTeX 2.9\tex\latex\tools\array.sty"
Package: array 2016/10/06 v2.4d Tabular extension package (FMi)
\col@sep=\dimen146
\extrarowheight=\dimen147
\NC@list=\toks20
\extratabsurround=\skip53
\backup@length=\skip54
)
("C:\Program Files\MiKTeX 2.9\tex\latex\l3packages\l3keys2e\l3keys2e.sty"
Package: l3keys2e 2017/12/05 LaTeX2e option processing using LaTeX3 keys
)
\l__siunitx_tmp_box=\box44
\l__siunitx_tmp_dim=\dimen148
\l__siunitx_tmp_int=\count182
\l__siunitx_number_mantissa_length_int=\count183
\l__siunitx_number_uncert_length_int=\count184
\l__siunitx_round_int=\count185
\l__siunitx_process_decimal_int=\count186
\l__siunitx_process_uncertainty_int=\count187
\l__siunitx_process_fixed_int=\count188
\l__siunitx_process_integer_min_int=\count189
\l__siunitx_process_precision_int=\count190
\l__siunitx_group_min_int=\count191
\l__siunitx_angle_marker_box=\box45
\l__siunitx_angle_unit_box=\box46
\l__siunitx_angle_marker_dim=\dimen149
\l__siunitx_angle_unit_dim=\dimen150
\l__siunitx_unit_int=\count192
\l__siunitx_unit_denominator_int=\count193
\l__siunitx_unit_numerator_int=\count194
\l__siunitx_unit_prefix_int=\count195
\l__siunitx_unit_prefix_base_int=\count196
\l__siunitx_unit_prefix_gram_int=\count197
\l__siunitx_number_product_int=\count198
\c__siunitx_one_fill_skip=\skip55
\l__siunitx_table_unit_align_skip=\skip56
\l__siunitx_table_exponent_dim=\dimen151
\l__siunitx_table_integer_dim=\dimen152
\l__siunitx_table_mantissa_dim=\dimen153
\l__siunitx_table_marker_dim=\dimen154
\l__siunitx_table_result_dim=\dimen155
\l__siunitx_table_uncert_dim=\dimen156
\l__siunitx_table_fill_pre_dim=\dimen157
\l__siunitx_table_fill_post_dim=\dimen158
\l__siunitx_table_fill_mid_dim=\dimen159
\l__siunitx_table_pre_box=\box47
\l__siunitx_table_post_box=\box48
\l__siunitx_table_mantissa_box=\box49
\l__siunitx_table_result_box=\box50
\l__siunitx_table_number_align_skip=\skip57
\l__siunitx_table_text_align_skip=\skip58
.................................................
. LaTeX info: "xparse/define-command"
. 
. Defining command \DeclareBinaryPrefix with sig. 'mmm' on line 7250.
.................................................
.................................................
. LaTeX info: "xparse/define-command"
. 
. Defining command \DeclareSIPostPower with sig. 'mm' on line 7253.
.................................................
.................................................
. LaTeX info: "xparse/define-command"
. 
. Defining command \DeclareSIPrefix with sig. 'mmm' on line 7256.
.................................................
.................................................
. LaTeX info: "xparse/define-command"
. 
. Defining command \DeclareSIPrePower with sig. 'mm' on line 7259.
.................................................
.................................................
. LaTeX info: "xparse/define-command"
. 
. Defining command \DeclareSIQualifier with sig. 'mm' on line 7262.
.................................................
.................................................
. LaTeX info: "xparse/define-command"
. 
. Defining command \DeclareSIUnit with sig. 'O{}mm' on line 7265.
.................................................
.................................................
. LaTeX info: "xparse/define-command"
. 
. Defining command \DeclareSIUnitWithOptions with sig. 'mmm' on line 7268.
.................................................
.................................................
. LaTeX info: "xparse/define-command"
. 
. Defining command \ang with sig. 'o>{\SplitArgument {2}{;}}m' on line 7283.
.................................................
.................................................
. LaTeX info: "xparse/define-command"
. 
. Defining command \num with sig. 'om' on line 7292.
.................................................
.................................................
. LaTeX info: "xparse/define-command"
. 
. Defining command \numlist with sig. 'o>{\SplitList {;}}m' on line 7301.
.................................................
.................................................
. LaTeX info: "xparse/define-command"
. 
. Defining command \numrange with sig. 'omm' on line 7310.
.................................................
.................................................
. LaTeX info: "xparse/define-command"
. 
. Defining command \SIlist with sig. 'o>{\SplitList {;}}mm' on line 7322.
.................................................
.................................................
. LaTeX info: "xparse/define-command"
. 
. Defining command \SIrange with sig. 'ommm' on line 7334.
.................................................
.................................................
. LaTeX info: "xparse/define-command"
. 
. Defining command \SI with sig. 'omom' on line 7346.
.................................................
.................................................
. LaTeX info: "xparse/define-command"
. 
. Defining command \sisetup with sig. 'm' on line 7349.
.................................................
.................................................
. LaTeX info: "xparse/define-command"
. 
. Defining command \tablenum with sig. 'om' on line 7364.
.................................................
.................................................
. LaTeX info: "xparse/define-command"
. 
. Defining command \si with sig. 'om' on line 7376.
.................................................
.................................................
. LaTeX info: "xparse/define-command"
. 
. Defining command \numInBookmark with sig. 'om' on line 7423.
.................................................
.................................................
. LaTeX info: "xparse/define-command"
. 
. Defining command \numrangeInBookmark with sig. 'omm' on line 7425.
.................................................
.................................................
. LaTeX info: "xparse/define-command"
. 
. Defining command \SIInBookmark with sig. 'omom' on line 7427.
.................................................
.................................................
. LaTeX info: "xparse/define-command"
. 
. Defining command \SIlistInBookmark with sig. 'omm' on line 7429.
.................................................
.................................................
. LaTeX info: "xparse/define-command"
. 
. Defining command \SIrangeInBookmark with sig. 'ommm' on line 7431.
.................................................
.................................................
. LaTeX info: "xparse/define-command"
. 
. Defining command \siInBookmark with sig. 'om' on line 7432.
.................................................
\g__file_internal_ior=\read1

("C:\Program Files\MiKTeX 2.9\tex\latex\translator\translator.sty"
Package: translator 2017/11/30 v1.11
))
("C:\Program Files\MiKTeX 2.9\tex\latex\booktabs\booktabs.sty"
Package: booktabs 2005/04/14 v1.61803 publication quality tables
\heavyrulewidth=\dimen160
\lightrulewidth=\dimen161
\cmidrulewidth=\dimen162
\belowrulesep=\dimen163
\belowbottomsep=\dimen164
\aboverulesep=\dimen165
\abovetopsep=\dimen166
\cmidrulesep=\dimen167
\cmidrulekern=\dimen168
\defaultaddspace=\dimen169
\@cmidla=\count199
\@cmidlb=\count266
\@aboverulesep=\dimen170
\@belowrulesep=\dimen171
\@thisruleclass=\count267
\@lastruleclass=\count268
\@thisrulewidth=\dimen172
)
("C:\Program Files\MiKTeX 2.9\tex\latex\threeparttable\threeparttable.sty"
Package: threeparttable 2003/06/13  v 3.0
\@tempboxb=\box51
)
("C:\Program Files\MiKTeX 2.9\tex\latex\caption\caption.sty"
Package: caption 2016/02/21 v3.3-144 Customizing captions (AR)

("C:\Program Files\MiKTeX 2.9\tex\latex\caption\caption3.sty"
Package: caption3 2016/05/22 v1.7-166 caption3 kernel (AR)
Package caption3 Info: TeX engine: e-TeX on input line 67.
\captionmargin=\dimen173
\captionmargin@=\dimen174
\captionwidth=\dimen175
\caption@tempdima=\dimen176
\caption@indent=\dimen177
\caption@parindent=\dimen178
\caption@hangindent=\dimen179
)
\c@ContinuedFloat=\count269
Package caption Info: threeparttable package is loaded.
)
("C:\Program Files\MiKTeX 2.9\tex\latex\hyperref\hyperref.sty"
Package: hyperref 2017/03/14 v6.85a Hypertext links for LaTeX

("C:\Program Files\MiKTeX 2.9\tex\generic\oberdiek\hobsub-hyperref.sty"
Package: hobsub-hyperref 2016/05/16 v1.14 Bundle oberdiek, subset hyperref (HO)


("C:\Program Files\MiKTeX 2.9\tex\generic\oberdiek\hobsub-generic.sty"
Package: hobsub-generic 2016/05/16 v1.14 Bundle oberdiek, subset generic (HO)
Package: hobsub 2016/05/16 v1.14 Construct package bundles (HO)
Package hobsub Info: Skipping package `infwarerr' (already loaded).
Package hobsub Info: Skipping package `ltxcmds' (already loaded).
Package: ifluatex 2016/05/16 v1.4 Provides the ifluatex switch (HO)
Package ifluatex Info: LuaTeX not detected.
Package: ifvtex 2016/05/16 v1.6 Detect VTeX and its facilities (HO)
Package ifvtex Info: VTeX not detected.
Package: intcalc 2016/05/16 v1.2 Expandable calculations with integers (HO)
Package hobsub Info: Skipping package `ifpdf' (already loaded).
Package: etexcmds 2016/05/16 v1.6 Avoid name clashes with e-TeX commands (HO)
Package etexcmds Info: Could not find \expanded.
(etexcmds)             That can mean that you are not using pdfTeX 1.50 or
(etexcmds)             that some package has redefined \expanded.
(etexcmds)             In the latter case, load this package earlier.
Package: kvsetkeys 2016/05/16 v1.17 Key value parser (HO)
Package: kvdefinekeys 2016/05/16 v1.4 Define keys (HO)
Package: pdftexcmds 2017/03/19 v0.25 Utility functions of pdfTeX for LuaTeX (HO
)
Package pdftexcmds Info: LuaTeX not detected.
Package pdftexcmds Info: \pdf@primitive is available.
Package pdftexcmds Info: \pdf@ifprimitive is available.
Package pdftexcmds Info: \pdfdraftmode found.
Package: pdfescape 2016/05/16 v1.14 Implements pdfTeX's escape features (HO)
Package: bigintcalc 2016/05/16 v1.4 Expandable calculations on big integers (HO
)
Package: bitset 2016/05/16 v1.2 Handle bit-vector datatype (HO)
Package: uniquecounter 2016/05/16 v1.3 Provide unlimited unique counter (HO)
)
Package hobsub Info: Skipping package `hobsub' (already loaded).
Package: letltxmacro 2016/05/16 v1.5 Let assignment for LaTeX macros (HO)
Package: hopatch 2016/05/16 v1.3 Wrapper for package hooks (HO)
Package: xcolor-patch 2016/05/16 xcolor patch
Package: atveryend 2016/05/16 v1.9 Hooks at the very end of document (HO)
Package atveryend Info: \enddocument detected (standard20110627).
Package hobsub Info: Skipping package `atbegshi' (already loaded).
Package: refcount 2016/05/16 v3.5 Data extraction from label references (HO)
Package: hycolor 2016/05/16 v1.8 Color options for hyperref/bookmark (HO)
)
("C:\Program Files\MiKTeX 2.9\tex\generic\ifxetex\ifxetex.sty"
Package: ifxetex 2010/09/12 v0.6 Provides ifxetex conditional
)
("C:\Program Files\MiKTeX 2.9\tex\latex\oberdiek\auxhook.sty"
Package: auxhook 2016/05/16 v1.4 Hooks for auxiliary files (HO)
)
("C:\Program Files\MiKTeX 2.9\tex\latex\oberdiek\kvoptions.sty"
Package: kvoptions 2016/05/16 v3.12 Key value format for package options (HO)
)
\@linkdim=\dimen180
\Hy@linkcounter=\count270
\Hy@pagecounter=\count271

("C:\Program Files\MiKTeX 2.9\tex\latex\hyperref\pd1enc.def"
File: pd1enc.def 2017/03/14 v6.85a Hyperref: PDFDocEncoding definition (HO)
Now handling font encoding PD1 ...
... no UTF-8 mapping file for font encoding PD1
)
\Hy@SavedSpaceFactor=\count272

("C:\Program Files\MiKTeX 2.9\tex\latex\00miktex\hyperref.cfg"
File: hyperref.cfg 2002/06/06 v1.2 hyperref configuration of TeXLive
)
Package hyperref Info: Hyper figures OFF on input line 4498.
Package hyperref Info: Link nesting OFF on input line 4503.
Package hyperref Info: Hyper index ON on input line 4506.
Package hyperref Info: Plain pages OFF on input line 4513.
Package hyperref Info: Backreferencing OFF on input line 4518.
Package hyperref Info: Implicit mode ON; LaTeX internals redefined.
Package hyperref Info: Bookmarks ON on input line 4751.
\c@Hy@tempcnt=\count273

("C:\Program Files\MiKTeX 2.9\tex\latex\url\url.sty"
\Urlmuskip=\muskip16
Package: url 2013/09/16  ver 3.4  Verb mode for urls, etc.
)
LaTeX Info: Redefining \url on input line 5104.
\XeTeXLinkMargin=\dimen181
\Fld@menulength=\count274
\Field@Width=\dimen182
\Fld@charsize=\dimen183
Package hyperref Info: Hyper figures OFF on input line 6358.
Package hyperref Info: Link nesting OFF on input line 6363.
Package hyperref Info: Hyper index ON on input line 6366.
Package hyperref Info: backreferencing OFF on input line 6373.
Package hyperref Info: Link coloring OFF on input line 6378.
Package hyperref Info: Link coloring with OCG OFF on input line 6383.
Package hyperref Info: PDF/A mode OFF on input line 6388.
LaTeX Info: Redefining \ref on input line 6428.
LaTeX Info: Redefining \pageref on input line 6432.
\Hy@abspage=\count275
\c@Item=\count276
\c@Hfootnote=\count277
)

Package hyperref Message: Driver (autodetected): hpdftex.

("C:\Program Files\MiKTeX 2.9\tex\latex\hyperref\hpdftex.def"
File: hpdftex.def 2017/03/14 v6.85a Hyperref driver for pdfTeX
\Fld@listcount=\count278
\c@bookmark@seq@number=\count279

("C:\Program Files\MiKTeX 2.9\tex\latex\oberdiek\rerunfilecheck.sty"
Package: rerunfilecheck 2016/05/16 v1.8 Rerun checks for auxiliary files (HO)
Package uniquecounter Info: New unique counter `rerunfilecheck' on input line 2
82.
)
\Hy@SectionHShift=\skip59
)
Package hyperref Info: Option `colorlinks' set `true' on input line 54.

("C:\Program Files\MiKTeX 2.9\tex\latex\tools\multicol.sty"
Package: multicol 2017/04/11 v1.8q multicolumn formatting (FMi)
\c@tracingmulticols=\count280
\mult@box=\box52
\multicol@leftmargin=\dimen184
\c@unbalance=\count281
\c@collectmore=\count282
\doublecol@number=\count283
\multicoltolerance=\count284
\multicolpretolerance=\count285
\full@width=\dimen185
\page@free=\dimen186
\premulticols=\dimen187
\postmulticols=\dimen188
\multicolsep=\skip60
\multicolbaselineskip=\skip61
\partial@page=\box53
\last@line=\box54
\maxbalancingoverflow=\dimen189
\mult@rightbox=\box55
\mult@grightbox=\box56
\mult@gfirstbox=\box57
\mult@firstbox=\box58
\@tempa=\box59
\@tempa=\box60
\@tempa=\box61
\@tempa=\box62
\@tempa=\box63
\@tempa=\box64
\@tempa=\box65
\@tempa=\box66
\@tempa=\box67
\@tempa=\box68
\@tempa=\box69
\@tempa=\box70
\@tempa=\box71
\@tempa=\box72
\@tempa=\box73
\@tempa=\box74
\@tempa=\box75
\c@columnbadness=\count286
\c@finalcolumnbadness=\count287
\last@try=\dimen190
\multicolovershoot=\dimen191
\multicolundershoot=\dimen192
\mult@nat@firstbox=\box76
\colbreak@box=\box77
\mc@col@check@num=\count288
)
("C:\Program Files\MiKTeX 2.9\tex\latex\caption\subcaption.sty"
Package: subcaption 2016/05/22 v1.1-161 Sub-captions (AR)
\c@subfigure=\count289
\c@subtable=\count290
)
("C:\Program Files\MiKTeX 2.9\tex\latex\amsmath\amsmath.sty"
Package: amsmath 2017/09/02 v2.17a AMS math features
\@mathmargin=\skip62

For additional information on amsmath, use the `?' option.
("C:\Program Files\MiKTeX 2.9\tex\latex\amsmath\amsbsy.sty"
Package: amsbsy 1999/11/29 v1.2d Bold Symbols
\pmbraise@=\dimen193
)
("C:\Program Files\MiKTeX 2.9\tex\latex\amsmath\amsopn.sty"
Package: amsopn 2016/03/08 v2.02 operator names
)
\inf@bad=\count291
LaTeX Info: Redefining \frac on input line 213.
\uproot@=\count292
\leftroot@=\count293
LaTeX Info: Redefining \overline on input line 375.
\classnum@=\count294
\DOTSCASE@=\count295
LaTeX Info: Redefining \ldots on input line 472.
LaTeX Info: Redefining \dots on input line 475.
LaTeX Info: Redefining \cdots on input line 596.
\Mathstrutbox@=\box78
\strutbox@=\box79
\big@size=\dimen194
LaTeX Font Info:    Redeclaring font encoding OML on input line 712.
LaTeX Font Info:    Redeclaring font encoding OMS on input line 713.
\macc@depth=\count296
\c@MaxMatrixCols=\count297
\dotsspace@=\muskip17
\c@parentequation=\count298
\dspbrk@lvl=\count299
\tag@help=\toks21
\row@=\count300
\column@=\count301
\maxfields@=\count302
\andhelp@=\toks22
\eqnshift@=\dimen195
\alignsep@=\dimen196
\tagshift@=\dimen197
\tagwidth@=\dimen198
\totwidth@=\dimen199
\lineht@=\dimen256
\@envbody=\toks23
\multlinegap=\skip63
\multlinetaggap=\skip64
\mathdisplay@stack=\toks24
LaTeX Info: Redefining \[ on input line 2817.
LaTeX Info: Redefining \] on input line 2818.
)
("C:\Program Files\MiKTeX 2.9\tex\latex\was\gensymb.sty"
Package: gensymb 2003/07/02 v1.0 (WaS)
)
("C:\Program Files\MiKTeX 2.9\tex\latex\csquotes\csquotes.sty"
Package: csquotes 2017/03/11 v5.2b context-sensitive quotations (JAW)

("C:\Program Files\MiKTeX 2.9\tex\latex\etoolbox\etoolbox.sty"
Package: etoolbox 2017/11/22 v2.5 e-TeX tools for LaTeX (JAW)
\etb@tempcnta=\count303
)
\csq@reset=\count304
\csq@gtype=\count305
\csq@glevel=\count306
\csq@qlevel=\count307
\csq@maxlvl=\count308
\csq@tshold=\count309
\csq@ltx@everypar=\toks25

("C:\Program Files\MiKTeX 2.9\tex\latex\csquotes\csquotes.def"
File: csquotes.def 2017/03/11 v5.2b csquotes generic definitions (JAW)
)
Package csquotes Info: Trying to load configuration file 'csquotes.cfg'...
Package csquotes Info: ... configuration file loaded successfully.

("C:\Program Files\MiKTeX 2.9\tex\latex\csquotes\csquotes.cfg"
File: csquotes.cfg 
))
("C:\Program Files\MiKTeX 2.9\tex\latex\biblatex\biblatex.sty"
Package: biblatex 2017/11/21 v3.9 programmable bibliographies (PK/JW/AB)

("C:\Program Files\MiKTeX 2.9\tex\latex\logreq\logreq.sty"
Package: logreq 2010/08/04 v1.0 xml request logger
\lrq@indent=\count310

("C:\Program Files\MiKTeX 2.9\tex\latex\logreq\logreq.def"
File: logreq.def 2010/08/04 v1.0 logreq spec v1.0
))
("C:\Program Files\MiKTeX 2.9\tex\latex\xstring\xstring.sty"
("C:\Program Files\MiKTeX 2.9\tex\generic\xstring\xstring.tex"
\@xs@message=\write3
\integerpart=\count311
\decimalpart=\count312
)
Package: xstring 2013/10/13  v1.7c  String manipulations (C Tellechea)
)
\c@tabx@nest=\count313
\c@listtotal=\count314
\c@listcount=\count315
\c@liststart=\count316
\c@liststop=\count317
\c@citecount=\count318
\c@citetotal=\count319
\c@multicitecount=\count320
\c@multicitetotal=\count321
\c@instcount=\count322
\c@maxnames=\count323
\c@minnames=\count324
\c@maxitems=\count325
\c@minitems=\count326
\c@citecounter=\count327
\c@savedcitecounter=\count328
\c@uniquelist=\count329
\c@uniquename=\count330
\c@refsection=\count331
\c@refsegment=\count332
\c@maxextratitle=\count333
\c@maxextratitleyear=\count334
\c@maxextradate=\count335
\c@maxextraalpha=\count336
\c@abbrvpenalty=\count337
\c@highnamepenalty=\count338
\c@lownamepenalty=\count339
\c@maxparens=\count340
\c@parenlevel=\count341
\blx@tempcnta=\count342
\blx@tempcntb=\count343
\blx@tempcntc=\count344
\blx@maxsection=\count345
\blx@maxsegment@0=\count346
\blx@notetype=\count347
\blx@parenlevel@text=\count348
\blx@parenlevel@foot=\count349
\blx@sectionciteorder@0=\count350
\labelnumberwidth=\skip65
\labelalphawidth=\skip66
\biblabelsep=\skip67
\bibitemsep=\skip68
\bibnamesep=\skip69
\bibinitsep=\skip70
\bibparsep=\skip71
\bibhang=\skip72
\blx@bcfin=\read2
\blx@bcfout=\write4
\c@mincomprange=\count351
\c@maxcomprange=\count352
\c@mincompwidth=\count353
Package biblatex Info: Trying to load biblatex default data model...
Package biblatex Info: ... file 'blx-dm.def' found.

("C:\Program Files\MiKTeX 2.9\tex\latex\biblatex\blx-dm.def")
Package biblatex Info: Trying to load biblatex custom data model...
Package biblatex Info: ... file 'biblatex-dm.cfg' not found.
\c@afterword=\count354
\c@savedafterword=\count355
\c@annotator=\count356
\c@savedannotator=\count357
\c@author=\count358
\c@savedauthor=\count359
\c@bookauthor=\count360
\c@savedbookauthor=\count361
\c@commentator=\count362
\c@savedcommentator=\count363
\c@editor=\count364
\c@savededitor=\count365
\c@editora=\count366
\c@savededitora=\count367
\c@editorb=\count368
\c@savededitorb=\count369
\c@editorc=\count370
\c@savededitorc=\count371
\c@foreword=\count372
\c@savedforeword=\count373
\c@holder=\count374
\c@savedholder=\count375
\c@introduction=\count376
\c@savedintroduction=\count377
\c@namea=\count378
\c@savednamea=\count379
\c@nameb=\count380
\c@savednameb=\count381
\c@namec=\count382
\c@savednamec=\count383
\c@translator=\count384
\c@savedtranslator=\count385
\c@shortauthor=\count386
\c@savedshortauthor=\count387
\c@shorteditor=\count388
\c@savedshorteditor=\count389
\c@labelname=\count390
\c@savedlabelname=\count391
\c@institution=\count392
\c@savedinstitution=\count393
\c@lista=\count394
\c@savedlista=\count395
\c@listb=\count396
\c@savedlistb=\count397
\c@listc=\count398
\c@savedlistc=\count399
\c@listd=\count400
\c@savedlistd=\count401
\c@liste=\count402
\c@savedliste=\count403
\c@listf=\count404
\c@savedlistf=\count405
\c@location=\count406
\c@savedlocation=\count407
\c@organization=\count408
\c@savedorganization=\count409
\c@origlocation=\count410
\c@savedoriglocation=\count411
\c@origpublisher=\count412
\c@savedorigpublisher=\count413
\c@publisher=\count414
\c@savedpublisher=\count415
\c@language=\count416
\c@savedlanguage=\count417
\c@origlanguage=\count418
\c@savedoriglanguage=\count419
\c@pageref=\count420
\c@savedpageref=\count421
\shorthandwidth=\skip73
\shortjournalwidth=\skip74
\shortserieswidth=\skip75
\shorttitlewidth=\skip76
\shortauthorwidth=\skip77
\shorteditorwidth=\skip78
Package biblatex Info: Trying to load compatibility code...
Package biblatex Info: ... file 'blx-compat.def' found.

("C:\Program Files\MiKTeX 2.9\tex\latex\biblatex\blx-compat.def"
File: blx-compat.def 2017/11/21 v3.9 biblatex compatibility (PK/JW/AB)
)
Package biblatex Info: Trying to load generic definitions...
Package biblatex Info: ... file 'biblatex.def' found.

("C:\Program Files\MiKTeX 2.9\tex\latex\biblatex\biblatex.def"
File: biblatex.def 2017/11/21 v3.9 biblatex compatibility (PK/JW/AB)
\c@textcitecount=\count422
\c@textcitetotal=\count423
\c@textcitemaxnames=\count424
\c@biburlnumpenalty=\count425
\c@biburlucpenalty=\count426
\c@biburllcpenalty=\count427
\c@smartand=\count428
)
Package biblatex Info: Trying to load bibliography style 'numeric'...
Package biblatex Info: ... file 'numeric.bbx' found.

("C:\Program Files\MiKTeX 2.9\tex\latex\biblatex\bbx\numeric.bbx"
File: numeric.bbx 2017/11/21 v3.9 biblatex bibliography style (PK/JW/AB)
Package biblatex Info: Trying to load bibliography style 'standard'...
Package biblatex Info: ... file 'standard.bbx' found.

("C:\Program Files\MiKTeX 2.9\tex\latex\biblatex\bbx\standard.bbx"
File: standard.bbx 2017/11/21 v3.9 biblatex bibliography style (PK/JW/AB)
\c@bbx:relatedcount=\count429
\c@bbx:relatedtotal=\count430
))
Package biblatex Info: Trying to load citation style 'numeric'...
Package biblatex Info: ... file 'numeric.cbx' found.

("C:\Program Files\MiKTeX 2.9\tex\latex\biblatex\cbx\numeric.cbx"
File: numeric.cbx 2017/11/21 v3.9 biblatex citation style (PK/JW/AB)
Package biblatex Info: Redefining '\cite'.
Package biblatex Info: Redefining '\parencite'.
Package biblatex Info: Redefining '\footcite'.
Package biblatex Info: Redefining '\footcitetext'.
Package biblatex Info: Redefining '\smartcite'.
Package biblatex Info: Redefining '\supercite'.
Package biblatex Info: Redefining '\textcite'.
Package biblatex Info: Redefining '\textcites'.
Package biblatex Info: Redefining '\cites'.
Package biblatex Info: Redefining '\parencites'.
Package biblatex Info: Redefining '\smartcites'.
)
Package biblatex Info: Trying to load configuration file...
Package biblatex Info: ... file 'biblatex.cfg' found.

("C:\Program Files\MiKTeX 2.9\tex\latex\biblatex\biblatex.cfg"
File: biblatex.cfg 
))
("C:\Program Files\MiKTeX 2.9\tex\latex\float\float.sty"
Package: float 2001/11/08 v1.3d Float enhancements (AL)
\c@float@type=\count431
\float@exts=\toks26
\float@box=\box80
\@float@everytoks=\toks27
\@floatcapt=\box81
)
("C:\Program Files\MiKTeX 2.9\tex\latex\chngcntr\chngcntr.sty"
Package: chngcntr 2009/09/02 v1.0a change counter resetting
)
("C:\Program Files\MiKTeX 2.9\tex\latex\datetime\datetime.sty"
Package: datetime 2015/03/20 v2.60 Date Time Package

("C:\Program Files\MiKTeX 2.9\tex\latex\fmtcount\fmtcount.sty"
Package: fmtcount 2017/09/16 v3.04

("C:\Program Files\MiKTeX 2.9\tex\latex\xkeyval\xkeyval.sty"
Package: xkeyval 2014/12/03 v2.7a package option processing (HA)

("C:\Program Files\MiKTeX 2.9\tex\generic\xkeyval\xkeyval.tex"
("C:\Program Files\MiKTeX 2.9\tex\generic\xkeyval\xkvutils.tex"
\XKV@toks=\toks28
\XKV@tempa@toks=\toks29
)
\XKV@depth=\count432
File: xkeyval.tex 2014/12/03 v2.7a key=value parser (HA)
))
("C:\Program Files\MiKTeX 2.9\tex\latex\fmtcount\fcprefix.sty"
Package: fcprefix 2012/09/28

("C:\Program Files\MiKTeX 2.9\tex\latex\fmtcount\fcnumparser.sty"
Package: fcnumparser 2017/06/15
\fc@digit@counter=\count433
))
\c@padzeroesN=\count434
\fc@tmpcatcode=\count435

("C:\Program Files\MiKTeX 2.9\tex\latex\fmtcount\fc-english.def"
File: fc-english.def 2016/01/12
)
\@DT@modctr=\count436
\@ordinalctr=\count437
\@orgargctr=\count438
\@strctr=\count439
\@tmpstrctr=\count440
\@DT@loopN=\count441
\@DT@X=\count442
)
("C:\Program Files\MiKTeX 2.9\tex\latex\datetime\datetime-defaults.sty"
Package: datetime-defaults 2013/09/10
)
\@day=\count443
\@month=\count444
\@year=\count445
\c@HOUR=\count446
\c@HOURXII=\count447
\c@MINUTE=\count448
\c@TOHOUR=\count449
\c@TOMINUTE=\count450
\c@SECOND=\count451
\currenthour=\count452
\currentminute=\count453
\currentsecond=\count454
Package datetime Info: No datetime.cfg file found, using default settings on in
put line 308.
\@dtctr=\count455
\dayofyear=\count456
\dayofweek=\count457
LaTeX Info: Redefining \today on input line 736.

("C:\Program Files\MiKTeX 2.9\tex\latex\datetime\dt-polish.def"
File: dt-polish.def 2013/09/10
LaTeX Info: Redefining \datepolish on input line 64.
)
\dt@a=\toks30
\dt@b=\toks31
)
("C:\Program Files\MiKTeX 2.9\tex\latex\geometry\geometry.sty"
Package: geometry 2010/09/12 v5.6 Page Geometry
\Gm@cnth=\count458
\Gm@cntv=\count459
\c@Gm@tempcnt=\count460
\Gm@bindingoffset=\dimen257
\Gm@wd@mp=\dimen258
\Gm@odd@mp=\dimen259
\Gm@even@mp=\dimen260
\Gm@layoutwidth=\dimen261
\Gm@layoutheight=\dimen262
\Gm@layouthoffset=\dimen263
\Gm@layoutvoffset=\dimen264
\Gm@dimlist=\toks32

("C:\Program Files\MiKTeX 2.9\tex\latex\geometry\geometry.cfg"))
("C:\Program Files\MiKTeX 2.9\tex\latex\tools\enumerate.sty"
Package: enumerate 2015/07/23 v3.00 enumerate extensions (DPC)
\@enLab=\toks33
)
("C:\Program Files\MiKTeX 2.9\tex\latex\tools\xr.sty"
Package: xr 1994/05/28 v5.02 eXternal References (DPC)
)
("C:\Program Files\MiKTeX 2.9\tex\latex\amsfonts\amsfonts.sty"
Package: amsfonts 2013/01/14 v3.01 Basic AMSFonts support
\symAMSa=\mathgroup4
\symAMSb=\mathgroup5
LaTeX Font Info:    Overwriting math alphabet `\mathfrak' in version `bold'
(Font)                  U/euf/m/n --> U/euf/b/n on input line 106.
)
Package csquotes Info: Checking for multilingual support...
Package csquotes Info: ... found 'babel' package.
Package csquotes Info: Adjusting default style.


Package csquotes Warning: No style for language 'polish'.
(csquotes)                Using fallback style on input line 111.

Package csquotes Info: Redefining alias 'default' -> 'fallback'.
Package biblatex Info: Trying to load language 'polish'...
Package biblatex Info: ... file 'polish.lbx' found.
("C:\Program Files\MiKTeX 2.9\tex\latex\biblatex\lbx\polish.lbx"
File: polish.lbx 2017/11/21 v3.9 biblatex localization (PK/JW/AB)
)
Package biblatex Info: Trying to load language 'english'...
Package biblatex Info: ... file 'english.lbx' found.

("C:\Program Files\MiKTeX 2.9\tex\latex\biblatex\lbx\english.lbx"
File: english.lbx 2017/11/21 v3.9 biblatex localization (PK/JW/AB)
) (main.aux)
\openout1 = `main.aux'.

LaTeX Font Info:    Checking defaults for OML/cmm/m/it on input line 111.
LaTeX Font Info:    ... okay on input line 111.
LaTeX Font Info:    Checking defaults for T1/cmr/m/n on input line 111.
LaTeX Font Info:    ... okay on input line 111.
LaTeX Font Info:    Checking defaults for OT1/cmr/m/n on input line 111.
LaTeX Font Info:    ... okay on input line 111.
LaTeX Font Info:    Checking defaults for OMS/cmsy/m/n on input line 111.
LaTeX Font Info:    ... okay on input line 111.
LaTeX Font Info:    Checking defaults for OMX/cmex/m/n on input line 111.
LaTeX Font Info:    ... okay on input line 111.
LaTeX Font Info:    Checking defaults for U/cmr/m/n on input line 111.
LaTeX Font Info:    ... okay on input line 111.
LaTeX Font Info:    Checking defaults for PD1/pdf/m/n on input line 111.
LaTeX Font Info:    ... okay on input line 111.
\AtBeginShipoutBox=\box82

("C:\Program Files\MiKTeX 2.9\tex\context\base\supp-pdf.mkii"
[Loading MPS to PDF converter (version 2006.09.02).]
\scratchcounter=\count461
\scratchdimen=\dimen265
\scratchbox=\box83
\nofMPsegments=\count462
\nofMParguments=\count463
\everyMPshowfont=\toks34
\MPscratchCnt=\count464
\MPscratchDim=\dimen266
\MPnumerator=\count465
\makeMPintoPDFobject=\count466
\everyMPtoPDFconversion=\toks35
) ("C:\Program Files\MiKTeX 2.9\tex\latex\oberdiek\epstopdf-base.sty"
Package: epstopdf-base 2016/05/15 v2.6 Base part for package epstopdf

("C:\Program Files\MiKTeX 2.9\tex\latex\oberdiek\grfext.sty"
Package: grfext 2016/05/16 v1.2 Manage graphics extensions (HO)
)
Package epstopdf-base Info: Redefining graphics rule for `.eps' on input line 4
38.
Package grfext Info: Graphics extension search list:
(grfext)             [.pdf,.png,.jpg,.mps,.jpeg,.jbig2,.jb2,.PDF,.PNG,.JPG,.JPE
G,.JBIG2,.JB2,.eps]
(grfext)             \AppendGraphicsExtensions on input line 456.
)
("C:\Program Files\MiKTeX 2.9\tex\latex\oberdiek\pdflscape.sty"
Package: pdflscape 2016/05/14 v0.11 Display of landscape pages in PDF (HO)

("C:\Program Files\MiKTeX 2.9\tex\latex\graphics\lscape.sty"
Package: lscape 2000/10/22 v3.01 Landscape Pages (DPC)
)
Package pdflscape Info: Auto-detected driver: pdftex on input line 81.
)
Now handling font encoding TS1 ...
... processing UTF-8 mapping file for font encoding TS1

("C:\Program Files\MiKTeX 2.9\tex\latex\base\ts1enc.dfu"
File: ts1enc.dfu 2017/01/28 v1.1t UTF-8 support for inputenc
   defining Unicode char U+00A2 (decimal 162)
   defining Unicode char U+00A3 (decimal 163)
   defining Unicode char U+00A4 (decimal 164)
   defining Unicode char U+00A5 (decimal 165)
   defining Unicode char U+00A6 (decimal 166)
   defining Unicode char U+00A7 (decimal 167)
   defining Unicode char U+00A8 (decimal 168)
   defining Unicode char U+00A9 (decimal 169)
   defining Unicode char U+00AA (decimal 170)
   defining Unicode char U+00AC (decimal 172)
   defining Unicode char U+00AE (decimal 174)
   defining Unicode char U+00AF (decimal 175)
   defining Unicode char U+00B0 (decimal 176)
   defining Unicode char U+00B1 (decimal 177)
   defining Unicode char U+00B2 (decimal 178)
   defining Unicode char U+00B3 (decimal 179)
   defining Unicode char U+00B4 (decimal 180)
   defining Unicode char U+00B5 (decimal 181)
   defining Unicode char U+00B6 (decimal 182)
   defining Unicode char U+00B7 (decimal 183)
   defining Unicode char U+00B9 (decimal 185)
   defining Unicode char U+00BA (decimal 186)
   defining Unicode char U+00BC (decimal 188)
   defining Unicode char U+00BD (decimal 189)
   defining Unicode char U+00BE (decimal 190)
   defining Unicode char U+00D7 (decimal 215)
   defining Unicode char U+00F7 (decimal 247)
   defining Unicode char U+0192 (decimal 402)
   defining Unicode char U+02C7 (decimal 711)
   defining Unicode char U+02D8 (decimal 728)
   defining Unicode char U+02DD (decimal 733)
   defining Unicode char U+0E3F (decimal 3647)
   defining Unicode char U+2016 (decimal 8214)
   defining Unicode char U+2020 (decimal 8224)
   defining Unicode char U+2021 (decimal 8225)
   defining Unicode char U+2022 (decimal 8226)
   defining Unicode char U+2030 (decimal 8240)
   defining Unicode char U+2031 (decimal 8241)
   defining Unicode char U+203B (decimal 8251)
   defining Unicode char U+203D (decimal 8253)
   defining Unicode char U+2044 (decimal 8260)
   defining Unicode char U+204E (decimal 8270)
   defining Unicode char U+2052 (decimal 8274)
   defining Unicode char U+20A1 (decimal 8353)
   defining Unicode char U+20A4 (decimal 8356)
   defining Unicode char U+20A6 (decimal 8358)
   defining Unicode char U+20A9 (decimal 8361)
   defining Unicode char U+20AB (decimal 8363)
   defining Unicode char U+20AC (decimal 8364)
   defining Unicode char U+20B1 (decimal 8369)
   defining Unicode char U+2103 (decimal 8451)
   defining Unicode char U+2116 (decimal 8470)
   defining Unicode char U+2117 (decimal 8471)
   defining Unicode char U+211E (decimal 8478)
   defining Unicode char U+2120 (decimal 8480)
   defining Unicode char U+2122 (decimal 8482)
   defining Unicode char U+2126 (decimal 8486)
   defining Unicode char U+2127 (decimal 8487)
   defining Unicode char U+212E (decimal 8494)
   defining Unicode char U+2190 (decimal 8592)
   defining Unicode char U+2191 (decimal 8593)
   defining Unicode char U+2192 (decimal 8594)
   defining Unicode char U+2193 (decimal 8595)
   defining Unicode char U+2329 (decimal 9001)
   defining Unicode char U+232A (decimal 9002)
   defining Unicode char U+2422 (decimal 9250)
   defining Unicode char U+25E6 (decimal 9702)
   defining Unicode char U+25EF (decimal 9711)
   defining Unicode char U+266A (decimal 9834)
)
("C:\Program Files\MiKTeX 2.9\tex\latex\translator\translator-basic-dictionary-
English.dict"
Dictionary: translator-basic-dictionary, Language: English 
)
("C:\Program Files\MiKTeX 2.9\tex\latex\siunitx\siunitx-abbreviations.cfg"
File: siunitx-abbreviations.cfg 2017/11/26 v2.7k siunitx: Abbreviated units
)
Package caption Info: Begin \AtBeginDocument code.
Package caption Info: float package is loaded.
Package caption Info: hyperref package is loaded.
Package caption Info: End \AtBeginDocument code.
Package hyperref Info: Link coloring ON on input line 111.

("C:\Program Files\MiKTeX 2.9\tex\latex\hyperref\nameref.sty"
Package: nameref 2016/05/21 v2.44 Cross-referencing by name of section

("C:\Program Files\MiKTeX 2.9\tex\generic\oberdiek\gettitlestring.sty"
Package: gettitlestring 2016/05/16 v1.5 Cleanup title references (HO)
)
\c@section@level=\count467
)
LaTeX Info: Redefining \ref on input line 111.
LaTeX Info: Redefining \pageref on input line 111.
LaTeX Info: Redefining \nameref on input line 111.

(main.out) (main.out)
\@outlinefile=\write5
\openout5 = `main.out'.

LaTeX Info: Redefining \celsius on input line 111.
Package gensymb Info: Faking symbols for \degree and \celsius on input line 111
.


Package gensymb Warning: Not defining \perthousand.

LaTeX Info: Redefining \ohm on input line 111.
Package gensymb Info: Using \Omega for \ohm on input line 111.

Package gensymb Warning: Not defining \micro.

Package biblatex Info: Input encoding 'utf8' detected.
Package biblatex Info: Automatic encoding selection.
(biblatex)             Assuming data encoding 'utf8'.
\openout4 = `main.bcf'.

Package biblatex Info: Trying to load bibliographic data...
Package biblatex Info: ... file 'main.bbl' not found.
No file main.bbl.
Package biblatex Info: Reference section=0 on input line 111.
Package biblatex Info: Reference segment=0 on input line 111.
*geometry* driver: auto-detecting
*geometry* detected driver: pdftex
*geometry* verbose mode - [ preamble ] result:
* driver: pdftex
* paper: a4paper
* layout: <same size as paper>
* layoutoffset:(h,v)=(0.0pt,0.0pt)
* modes: 
* h-part:(L,W,R)=(85.35826pt, 455.24411pt, 56.9055pt)
* v-part:(T,H,B)=(71.13188pt, 702.78308pt, 71.13188pt)
* \paperwidth=597.50787pt
* \paperheight=845.04684pt
* \textwidth=455.24411pt
* \textheight=702.78308pt
* \oddsidemargin=13.08827pt
* \evensidemargin=13.08827pt
* \topmargin=-1.1381pt
* \headheight=0.0pt
* \headsep=0.0pt
* \topskip=11.0pt
* \footskip=30.0pt
* \marginparwidth=50.0pt
* \marginparsep=10.0pt
* \columnsep=10.0pt
* \skip\footins=10.0pt plus 4.0pt minus 2.0pt
* \hoffset=0.0pt
* \voffset=0.0pt
* \mag=1000
* \@twocolumnfalse
* \@twosidefalse
* \@mparswitchfalse
* \@reversemarginfalse
* (1in=72.27pt=25.4mm, 1cm=28.453pt)

\c__siunitx_mathsf_int=\count468
LaTeX Font Info:    Try loading font information for U+msa on input line 111.
("C:\Program Files\MiKTeX 2.9\tex\latex\amsfonts\umsa.fd"
File: umsa.fd 2013/01/14 v3.01 AMS symbols A
)
LaTeX Font Info:    Try loading font information for U+msb on input line 111.

("C:\Program Files\MiKTeX 2.9\tex\latex\amsfonts\umsb.fd"
File: umsb.fd 2013/01/14 v3.01 AMS symbols B
)
\c__siunitx_mathtt_int=\count469
<logo.pdf, id=435, pagebox=cropbox, 646.87552pt x 124.30151pt>
File: logo.pdf Graphic file (type pdf)
<use logo.pdf>
Package pdftex.def Info: logo.pdf  used on input line 120. on input line 120.
Package pdftex.def Info: Requested size: 455.24411pt x 87.48083pt on input line
 120.
 [1

{C:/Users/Cinek/AppData/Local/MiKTeX/2.9/pdftex/config/pdftex.map} <./logo.pdf>
] (main.tocpdfTeX warning (ext4): destination with the same identifier (name{pa
ge.1}) has been already used, duplicate ignored
<to be read again> 
                   \relax 
l.41 ...kacji danych zasobu.}{11}{subsection.6.14}
                                                   [1] [2]
Overfull \hbox (1.96979pt too wide) detected at line 90
[][][][][][] 
 []


Overfull \hbox (1.96979pt too wide) detected at line 98
[][][][][][] 
 []


Overfull \hbox (1.96979pt too wide) detected at line 106
[][][][][][] 
 []


Overfull \hbox (1.96979pt too wide) detected at line 113
[][][][][][] 
 []


Overfull \hbox (1.96979pt too wide) detected at line 121
[][][][][][] 
 []


Overfull \hbox (1.96979pt too wide) detected at line 128
[][][][][][] 
 []


Overfull \hbox (1.96979pt too wide) detected at line 136
[][][][][][] 
 []


Overfull \hbox (1.96979pt too wide) detected at line 144
[][][][][][] 
 []


Overfull \hbox (1.96979pt too wide) detected at line 151
[][][][][][] 
 []


Overfull \hbox (7.41373pt too wide) detected at line 159
[][][][][][] 
 []


Overfull \hbox (7.41373pt too wide) detected at line 167
[][][][][][] 
 []


Overfull \hbox (7.41373pt too wide) detected at line 174
[][][][][][] 
 []


Overfull \hbox (7.41373pt too wide) detected at line 181
[][][][][][] 
 []


Overfull \hbox (7.41373pt too wide) detected at line 188
[][][][][][] 
 []


Overfull \hbox (7.41373pt too wide) detected at line 195
[][][][][][] 
 []


Overfull \hbox (7.41373pt too wide) detected at line 202
[][][][][][] 
 []


Overfull \hbox (8.62561pt too wide) detected at line 210
[][][][][][] 
 []


Overfull \hbox (8.62561pt too wide) detected at line 211
[][][][][][] 
 []


Overfull \hbox (8.62561pt too wide) detected at line 212
[][][][][][] 
 []


Overfull \hbox (8.62561pt too wide) detected at line 213
[][][][][][] 
 []


Overfull \hbox (8.62561pt too wide) detected at line 214
[][][][][][] 
 []


Overfull \hbox (8.62561pt too wide) detected at line 215
[][][][][][] 
 []


Overfull \hbox (8.62561pt too wide) detected at line 216
[][][][][][] 
 []


Overfull \hbox (8.62561pt too wide) detected at line 217
[][][][][][] 
 []


Overfull \hbox (8.62561pt too wide) detected at line 218
[][][][][][] 
 []

[3]
Overfull \hbox (14.06955pt too wide) detected at line 219
[][][][][][] 
 []


Overfull \hbox (14.06955pt too wide) detected at line 220
[][][][][][] 
 []


Overfull \hbox (14.06955pt too wide) detected at line 221
[][][][][][] 
 []


Overfull \hbox (14.06955pt too wide) detected at line 222
[][][][][][] 
 []


Overfull \hbox (14.06955pt too wide) detected at line 223
[][][][][][] 
 []


Overfull \hbox (14.06955pt too wide) detected at line 224
[][][][][][] 
 []


Overfull \hbox (14.06955pt too wide) detected at line 225
[][][][][][] 
 []

)
\tf@toc=\write6
\openout6 = `main.toc'.

 [4]
Rozdzia\l  1.
Rozdzia\l  2.
LaTeX Font Info:    Try loading font information for OMS+cmr on input line 174.

("C:\Program Files\MiKTeX 2.9\tex\latex\base\omscmr.fd"
File: omscmr.fd 2014/09/29 v2.5h Standard LaTeX font definitions
)
LaTeX Font Info:    Font shape `OMS/cmr/m/n' in size <10.95> not available
(Font)              Font shape `OMS/cmsy/m/n' tried instead on input line 174.

Rozdzia\l  3.
[5] [6]
Rozdzia\l  4.
[7]
Rozdzia\l  5.
<Dziedziczenie.png, id=623, 420.97275pt x 278.2395pt>
File: Dziedziczenie.png Graphic file (type png)
<use Dziedziczenie.png>
Package pdftex.def Info: Dziedziczenie.png  used on input line 244. on input li
ne 244.
Package pdftex.def Info: Requested size: 420.97171pt x 278.23882pt on input lin
e 244.
Rozdzia\l  6.
[8 <./Dziedziczenie.png>] [9]
Overfull \hbox (1.93448pt too wide) in paragraph at lines 378--378
[]\T1/cmr/bx/n/12 Uytkownik tech-niczny ma mo-li-wo, po uprzed-nim stwier-d
ze-niu przez
 []

[10]
Overfull \hbox (17.79593pt too wide) in paragraph at lines 438--438
[]\T1/cmr/bx/n/12 Uytkownik tech-niczny/Administrator ma mo-li-wo prze-gl-
da-nia wszyst-
 []

[11]
Rozdzia\l  7.
[12] [13] [14]
Rozdzia\l  8.
[15]
<uzytkownik_logowanie.png, id=663, 448.074pt x 203.5605pt>
File: uzytkownik_logowanie.png Graphic file (type png)
<use uzytkownik_logowanie.png>
Package pdftex.def Info: uzytkownik_logowanie.png  used on input line 644. on i
nput line 644.
Package pdftex.def Info: Requested size: 448.07289pt x 203.56pt on input line 6
44.
<uzytkownik_rejestracja.png, id=664, 383.63326pt x 212.59425pt>
File: uzytkownik_rejestracja.png Graphic file (type png)
<use uzytkownik_rejestracja.png>
Package pdftex.def Info: uzytkownik_rejestracja.png  used on input line 669. on
 input line 669.
Package pdftex.def Info: Requested size: 383.63231pt x 212.59372pt on input lin
e 669.
 [16 <./uzytkownik_logowanie.png>]
<uzytkownik_zgloszenie_o_zasob.png, id=678, 296.90926pt x 177.66376pt>
File: uzytkownik_zgloszenie_o_zasob.png Graphic file (type png)
<use uzytkownik_zgloszenie_o_zasob.png>
Package pdftex.def Info: uzytkownik_zgloszenie_o_zasob.png  used on input line 
686. on input line 686.
Package pdftex.def Info: Requested size: 296.90852pt x 177.66331pt on input lin
e 686.
 [17 <./uzytkownik_rejestracja.png> <./uzytkownik_zgloszenie_o_zasob.png>]
<menedzer_zasoby.png, id=692, 315.579pt x 238.491pt>
File: menedzer_zasoby.png Graphic file (type png)
<use menedzer_zasoby.png>
Package pdftex.def Info: menedzer_zasoby.png  used on input line 706. on input 
line 706.
Package pdftex.def Info: Requested size: 315.57822pt x 238.4904pt on input line
 706.
 [18 <./menedzer_zasoby.png>]
<wydanie_zasobu.png, id=709, 511.9125pt x 185.493pt>
File: wydanie_zasobu.png Graphic file (type png)
<use wydanie_zasobu.png>
Package pdftex.def Info: wydanie_zasobu.png  used on input line 727. on input l
ine 727.
Package pdftex.def Info: Requested size: 409.53056pt x 148.39459pt on input lin
e 727.
<uzytkownik_zgloszenie_do_serwisu.png, id=710, 486.01575pt x 195.73125pt>
File: uzytkownik_zgloszenie_do_serwisu.png Graphic file (type png)
<use uzytkownik_zgloszenie_do_serwisu.png>
Package pdftex.def Info: uzytkownik_zgloszenie_do_serwisu.png  used on input li
ne 747. on input line 747.
Package pdftex.def Info: Requested size: 388.81313pt x 156.58519pt on input lin
e 747.
 [19 <./wydanie_zasobu.png>]
<uzytkownik_tech_serwis.png, id=727, 410.13225pt x 196.3335pt>
File: uzytkownik_tech_serwis.png Graphic file (type png)
<use uzytkownik_tech_serwis.png>
Package pdftex.def Info: uzytkownik_tech_serwis.png  used on input line 770. on
 input line 770.
Package pdftex.def Info: Requested size: 410.13124pt x 196.33301pt on input lin
e 770.
 [20 <./uzytkownik_zgloszenie_do_serwisu.png>]
<uzytkownik_wylog.png, id=740, 487.8225pt x 201.00093pt>
File: uzytkownik_wylog.png Graphic file (type png)
<use uzytkownik_wylog.png>
Package pdftex.def Info: uzytkownik_wylog.png  used on input line 787. on input
 line 787.
Package pdftex.def Info: Requested size: 487.8213pt x 201.00043pt on input line
 787.

Overfull \hbox (32.5772pt too wide) in paragraph at lines 787--788
 [][] 
 []

[21 <./uzytkownik_tech_serwis.png> <./uzytkownik_wylog.png>]
<nowy_zasob_menedzer_techniczny.png, id=754, 495.65175pt x 228.25275pt>
File: nowy_zasob_menedzer_techniczny.png Graphic file (type png)
<use nowy_zasob_menedzer_techniczny.png>
Package pdftex.def Info: nowy_zasob_menedzer_techniczny.png  used on input line
 807. on input line 807.
Package pdftex.def Info: Requested size: 396.52193pt x 182.60243pt on input lin
e 807.
 [22 <./nowy_zasob_menedzer_techniczny.png>]
<techniczny_kupno.png, id=772, 526.3665pt x 228.25275pt>
File: techniczny_kupno.png Graphic file (type png)
<use techniczny_kupno.png>
Package pdftex.def Info: techniczny_kupno.png  used on input line 829. on input
 line 829.
Package pdftex.def Info: Requested size: 421.09378pt x 182.60243pt on input lin
e 829.
<admin_statystyki.png, id=773, 278.84175pt x 177.66376pt>
File: admin_statystyki.png Graphic file (type png)
<use admin_statystyki.png>
Package pdftex.def Info: admin_statystyki.png  used on input line 848. on input
 line 848.
Package pdftex.def Info: Requested size: 278.84105pt x 177.66331pt on input lin
e 848.
 [23 <./techniczny_kupno.png>]
<Zarzadzanie_modulem.png, id=787, 486.618pt x 455.90324pt>
File: Zarzadzanie_modulem.png Graphic file (type png)
<use Zarzadzanie_modulem.png>
Package pdftex.def Info: Zarzadzanie_modulem.png  used on input line 871. on in
put line 871.
Package pdftex.def Info: Requested size: 486.6168pt x 455.90211pt on input line
 871.

Overfull \hbox (31.3727pt too wide) in paragraph at lines 871--872
 [][] 
 []

[24 <./admin_statystyki.png>] [25 <./Zarzadzanie_modulem.png>]
<Zarzadzanie_kontem.png, id=815, 474.27188pt x 300.3722pt>
File: Zarzadzanie_kontem.png Graphic file (type png)
<use Zarzadzanie_kontem.png>
Package pdftex.def Info: Zarzadzanie_kontem.png  used on input line 893. on inp
ut line 893.
Package pdftex.def Info: Requested size: 474.27072pt x 300.37144pt on input lin
e 893.

Overfull \hbox (19.02661pt too wide) in paragraph at lines 893--894
 [][] 
 []

<weryfikacja_zasobow.png, id=816, 450.483pt x 177.66376pt>
File: weryfikacja_zasobow.png Graphic file (type png)
<use weryfikacja_zasobow.png>
Package pdftex.def Info: weryfikacja_zasobow.png  used on input line 914. on in
put line 914.
Package pdftex.def Info: Requested size: 450.48189pt x 177.66331pt on input lin
e 914.
[26 <./Zarzadzanie_kontem.png>]
<techniczny_i_admin_raporty.png, id=832, 549.252pt x 210.18526pt>
File: techniczny_i_admin_raporty.png Graphic file (type png)
<use techniczny_i_admin_raporty.png>
Package pdftex.def Info: techniczny_i_admin_raporty.png  used on input line 935
. on input line 935.
Package pdftex.def Info: Requested size: 439.40219pt x 168.14842pt on input lin
e 935.
 [27 <./weryfikacja_zasobow.png>]
<admin_dodawanie_typow.png, id=849, 251.13824pt x 192.72pt>
File: admin_dodawanie_typow.png Graphic file (type png)
<use admin_dodawanie_typow.png>
Package pdftex.def Info: admin_dodawanie_typow.png  used on input line 956. on 
input line 956.
Package pdftex.def Info: Requested size: 200.91087pt x 154.1762pt on input line
 956.

Rozdzia\l  9.
<logowanie_class.png, id=850, 691.383pt x 461.92575pt>
File: logowanie_class.png Graphic file (type png)
<use logowanie_class.png>
Package pdftex.def Info: logowanie_class.png  used on input line 970. on input 
line 970.
Package pdftex.def Info: Requested size: 345.69066pt x 230.96231pt on input lin
e 970.
<logowanie_sequence.png, id=851, 726.91576pt x 327.02174pt>
File: logowanie_sequence.png Graphic file (type png)
<use logowanie_sequence.png>
Package pdftex.def Info: logowanie_sequence.png  used on input line 974. on inp
ut line 974.
Package pdftex.def Info: Requested size: 363.45699pt x 163.51047pt on input lin
e 974.
[28 <./techniczny_i_admin_raporty.png> <./admin_dodawanie_typow.png>]
<rejestracja_class.png, id=867, 779.3115pt x 473.97075pt>
File: rejestracja_class.png Graphic file (type png)
<use rejestracja_class.png>
Package pdftex.def Info: rejestracja_class.png  used on input line 980. on inpu
t line 980.
Package pdftex.def Info: Requested size: 389.65479pt x 236.98479pt on input lin
e 980.
<rejestracja_sequence.png, id=868, 617.9085pt x 327.02174pt>
File: rejestracja_sequence.png Graphic file (type png)
<use rejestracja_sequence.png>
Package pdftex.def Info: rejestracja_sequence.png  used on input line 984. on i
nput line 984.
Package pdftex.def Info: Requested size: 308.95349pt x 163.51047pt on input lin
e 984.
 [29 <./logowanie_class.png> <./logowanie_sequence.png>]
<zgloszenie_zasob_class.png, id=876, 574.5465pt x 322.806pt>
File: zgloszenie_zasob_class.png Graphic file (type png)
<use zgloszenie_zasob_class.png>
Package pdftex.def Info: zgloszenie_zasob_class.png  used on input line 990. on
 input line 990.
Package pdftex.def Info: Requested size: 287.27254pt x 161.4026pt on input line
 990.
<zgloszenie_zasob_sequence.png, id=877, 751.608pt x 327.02174pt>
File: zgloszenie_zasob_sequence.png Graphic file (type png)
<use zgloszenie_zasob_sequence.png>
Package pdftex.def Info: zgloszenie_zasob_sequence.png  used on input line 994.
 on input line 994.
Package pdftex.def Info: Requested size: 375.80309pt x 163.51047pt on input lin
e 994.
 [30 <./rejestracja_class.png> <./rejestracja_sequence.png> <./zgloszenie_zasob
_class.png>]
<zatwierdzenie_zasob_class.png, id=886, 616.704pt x 383.63326pt>
File: zatwierdzenie_zasob_class.png Graphic file (type png)
<use zatwierdzenie_zasob_class.png>
Package pdftex.def Info: zatwierdzenie_zasob_class.png  used on input line 1000
. on input line 1000.
Package pdftex.def Info: Requested size: 308.35124pt x 191.81615pt on input lin
e 1000.
<zatwierdzenie_zasob_sequence.png, id=887, 711.8595pt x 330.033pt>
File: zatwierdzenie_zasob_sequence.png Graphic file (type png)
<use zatwierdzenie_zasob_sequence.png>
Package pdftex.def Info: zatwierdzenie_zasob_sequence.png  used on input line 1
004. on input line 1004.
Package pdftex.def Info: Requested size: 355.92888pt x 165.01608pt on input lin
e 1004.
<techniczny_wydanie_zasobu_class.png, id=888, 715.473pt x 384.2355pt>
File: techniczny_wydanie_zasobu_class.png Graphic file (type png)
<use techniczny_wydanie_zasobu_class.png>
Package pdftex.def Info: techniczny_wydanie_zasobu_class.png  used on input lin
e 1010. on input line 1010.
Package pdftex.def Info: Requested size: 357.73563pt x 192.11728pt on input lin
e 1010.
<techniczny_wydanie_zasobu_sequence.png, id=889, 755.2215pt x 330.033pt>
File: techniczny_wydanie_zasobu_sequence.png Graphic file (type png)
<use techniczny_wydanie_zasobu_sequence.png>
Package pdftex.def Info: techniczny_wydanie_zasobu_sequence.png  used on input 
line 1014. on input line 1014.
Package pdftex.def Info: Requested size: 377.60982pt x 165.01608pt on input lin
e 1014.
 [31 <./zgloszenie_zasob_sequence.png> <./zatwierdzenie_zasob_class.png> <./zat
wierdzenie_zasob_sequence.png>]
<zgloszenie_serwis_class.png, id=897, 690.78075pt x 352.31625pt>
File: zgloszenie_serwis_class.png Graphic file (type png)
<use zgloszenie_serwis_class.png>
Package pdftex.def Info: zgloszenie_serwis_class.png  used on input line 1020. 
on input line 1020.
Package pdftex.def Info: Requested size: 345.38953pt x 176.15768pt on input lin
e 1020.
<zgloszenie_serwis_sequence.png, id=898, 699.8145pt x 327.02174pt>
File: zgloszenie_serwis_sequence.png Graphic file (type png)
<use zgloszenie_serwis_sequence.png>
Package pdftex.def Info: zgloszenie_serwis_sequence.png  used on input line 102
4. on input line 1024.
Package pdftex.def Info: Requested size: 349.90639pt x 163.51047pt on input lin
e 1024.
 [32 <./techniczny_wydanie_zasobu_class.png> <./techniczny_wydanie_zasobu_seque
nce.png> <./zgloszenie_serwis_class.png>]
<przyjecie_zgloszenia_serwis_class.png, id=906, 573.342pt x 377.61075pt>
File: przyjecie_zgloszenia_serwis_class.png Graphic file (type png)
<use przyjecie_zgloszenia_serwis_class.png>
Package pdftex.def Info: przyjecie_zgloszenia_serwis_class.png  used on input l
ine 1030. on input line 1030.
Package pdftex.def Info: Requested size: 286.67029pt x 188.8049pt on input line
 1030.
<przyjecie_zgloszenia_serwis_sequence.png, id=907, 751.608pt x 327.02174pt>
File: przyjecie_zgloszenia_serwis_sequence.png Graphic file (type png)
<use przyjecie_zgloszenia_serwis_sequence.png>
Package pdftex.def Info: przyjecie_zgloszenia_serwis_sequence.png  used on inpu
t line 1034. on input line 1034.
Package pdftex.def Info: Requested size: 375.80309pt x 163.51047pt on input lin
e 1034.
<wylogowanie_class.png, id=908, 232.4685pt x 101.78024pt>
File: wylogowanie_class.png Graphic file (type png)
<use wylogowanie_class.png>
Package pdftex.def Info: wylogowanie_class.png  used on input line 1040. on inp
ut line 1040.
Package pdftex.def Info: Requested size: 116.23396pt x 50.88998pt on input line
 1040.
<wylogowanie_sequence.png, id=909, 291.489pt x 327.02174pt>
File: wylogowanie_sequence.png Graphic file (type png)
<use wylogowanie_sequence.png>
Package pdftex.def Info: wylogowanie_sequence.png  used on input line 1044. on 
input line 1044.
Package pdftex.def Info: Requested size: 145.74414pt x 163.51047pt on input lin
e 1044.
 [33 <./zgloszenie_serwis_sequence.png> <./przyjecie_zgloszenia_serwis_class.pn
g> <./przyjecie_zgloszenia_serwis_sequence.png> <./wylogowanie_class.png>]
<zgloszenie_kupno_zasob_class.png, id=918, 599.841pt x 376.40625pt>
File: zgloszenie_kupno_zasob_class.png Graphic file (type png)
<use zgloszenie_kupno_zasob_class.png>
Package pdftex.def Info: zgloszenie_kupno_zasob_class.png  used on input line 1
050. on input line 1050.
Package pdftex.def Info: Requested size: 299.91975pt x 188.20265pt on input lin
e 1050.
<zgloszenie_kupno_zasob_sequence.png, id=919, 751.608pt x 327.02174pt>
File: zgloszenie_kupno_zasob_sequence.png Graphic file (type png)
<use zgloszenie_kupno_zasob_sequence.png>
Package pdftex.def Info: zgloszenie_kupno_zasob_sequence.png  used on input lin
e 1054. on input line 1054.
Package pdftex.def Info: Requested size: 375.80309pt x 163.51047pt on input lin
e 1054.
<kupno_zasob_class.png, id=920, 608.2725pt x 383.63326pt>
File: kupno_zasob_class.png Graphic file (type png)
<use kupno_zasob_class.png>
Package pdftex.def Info: kupno_zasob_class.png  used on input line 1060. on inp
ut line 1060.
Package pdftex.def Info: Requested size: 304.13551pt x 191.81615pt on input lin
e 1060.
<kupno_zasob_sequence.png, id=921, 751.608pt x 327.02174pt>
File: kupno_zasob_sequence.png Graphic file (type png)
<use kupno_zasob_sequence.png>
Package pdftex.def Info: kupno_zasob_sequence.png  used on input line 1064. on 
input line 1064.
Package pdftex.def Info: Requested size: 375.80309pt x 163.51047pt on input lin
e 1064.
 [34 <./wylogowanie_sequence.png> <./zgloszenie_kupno_zasob_class.png> <./zglos
zenie_kupno_zasob_sequence.png>]
<podglad_historii_class.png, id=929, 691.383pt x 457.71pt>
File: podglad_historii_class.png Graphic file (type png)
<use podglad_historii_class.png>
Package pdftex.def Info: podglad_historii_class.png  used on input line 1070. o
n input line 1070.
Package pdftex.def Info: Requested size: 345.69066pt x 228.85445pt on input lin
e 1070.
<podglad_historii_sequence.png, id=930, 761.84625pt x 327.02174pt>
File: podglad_historii_sequence.png Graphic file (type png)
<use podglad_historii_sequence.png>
Package pdftex.def Info: podglad_historii_sequence.png  used on input line 1074
. on input line 1074.
Package pdftex.def Info: Requested size: 380.9222pt x 163.51047pt on input line
 1074.

[35 <./kupno_zasob_class.png> <./kupno_zasob_sequence.png> <./podglad_historii_
class.png>]
<zarzadzanie_modulem_class.png, id=938, 309.5565pt x 386.6445pt>
File: zarzadzanie_modulem_class.png Graphic file (type png)
<use zarzadzanie_modulem_class.png>
Package pdftex.def Info: zarzadzanie_modulem_class.png  used on input line 1080
. on input line 1080.
Package pdftex.def Info: Requested size: 154.77786pt x 193.32178pt on input lin
e 1080.
<backup.png, id=939, 753.41475pt x 327.02174pt>
File: backup.png Graphic file (type png)
<use backup.png>
Package pdftex.def Info: backup.png  used on input line 1084. on input line 108
4.
Package pdftex.def Info: Requested size: 376.70645pt x 163.51047pt on input lin
e 1084.
<restoring.png, id=940, 753.41475pt x 327.02174pt>
File: restoring.png Graphic file (type png)
<use restoring.png>
Package pdftex.def Info: restoring.png  used on input line 1088. on input line 
1088.
Package pdftex.def Info: Requested size: 376.70645pt x 163.51047pt on input lin
e 1088.
 [36 <./podglad_historii_sequence.png> <./zarzadzanie_modulem_class.png> <./bac
kup.png>]
<zarzadzanie_uzytkownikami_class.png, id=949, 779.3115pt x 473.97075pt>
File: zarzadzanie_uzytkownikami_class.png Graphic file (type png)
<use zarzadzanie_uzytkownikami_class.png>
Package pdftex.def Info: zarzadzanie_uzytkownikami_class.png  used on input lin
e 1094. on input line 1094.
Package pdftex.def Info: Requested size: 389.65479pt x 236.98479pt on input lin
e 1094.
<zarzadzanie_uzytkownikami_sequence.png, id=950, 617.9085pt x 327.02174pt>
File: zarzadzanie_uzytkownikami_sequence.png Graphic file (type png)
<use zarzadzanie_uzytkownikami_sequence.png>
Package pdftex.def Info: zarzadzanie_uzytkownikami_sequence.png  used on input 
line 1098. on input line 1098.
Package pdftex.def Info: Requested size: 308.95349pt x 163.51047pt on input lin
e 1098.
<weryfikacja.png, id=951, 567.3195pt x 526.96875pt>
File: weryfikacja.png Graphic file (type png)
<use weryfikacja.png>
Package pdftex.def Info: weryfikacja.png  used on input line 1104. on input lin
e 1104.
Package pdftex.def Info: Requested size: 283.65906pt x 263.48372pt on input lin
e 1104.
<weryfikacja_sequence.png, id=952, 702.82574pt x 327.02174pt>
File: weryfikacja_sequence.png Graphic file (type png)
<use weryfikacja_sequence.png>
Package pdftex.def Info: weryfikacja_sequence.png  used on input line 1108. on 
input line 1108.
Package pdftex.def Info: Requested size: 351.412pt x 163.51047pt on input line 
1108.
 [37 <./restoring.png> <./zarzadzanie_uzytkownikami_class.png> <./zarzadzanie_u
zytkownikami_sequence.png>]
<raportowanie_class.png, id=960, 638.385pt x 461.92575pt>
File: raportowanie_class.png Graphic file (type png)
<use raportowanie_class.png>
Package pdftex.def Info: raportowanie_class.png  used on input line 1114. on in
put line 1114.
Package pdftex.def Info: Requested size: 319.19171pt x 230.96231pt on input lin
e 1114.
<raportowanie_sequence.png, id=961, 742.57425pt x 327.02174pt>
File: raportowanie_sequence.png Graphic file (type png)
<use raportowanie_sequence.png>
Package pdftex.def Info: raportowanie_sequence.png  used on input line 1118. on
 input line 1118.
Package pdftex.def Info: Requested size: 371.28621pt x 163.51047pt on input lin
e 1118.
 [38 <./weryfikacja.png> <./weryfikacja_sequence.png>]
<nowy_typ_zasob_class.png, id=968, 478.1865pt x 329.43076pt>
File: nowy_typ_zasob_class.png Graphic file (type png)
<use nowy_typ_zasob_class.png>
Package pdftex.def Info: nowy_typ_zasob_class.png  used on input line 1123. on 
input line 1123.
Package pdftex.def Info: Requested size: 239.09265pt x 164.71497pt on input lin
e 1123.
<nowy_typ_zasob_sequence.png, id=969, 753.41475pt x 327.02174pt>
File: nowy_typ_zasob_sequence.png Graphic file (type png)
<use nowy_typ_zasob_sequence.png>
Package pdftex.def Info: nowy_typ_zasob_sequence.png  used on input line 1127. 
on input line 1127.
Package pdftex.def Info: Requested size: 376.70645pt x 163.51047pt on input lin
e 1127.
 [39 <./raportowanie_class.png> <./raportowanie_sequence.png> <./nowy_typ_zasob
_class.png>]
Rozdzia\l  10.
<database.jpg, id=977, 963.6pt x 600.2425pt>
File: database.jpg Graphic file (type jpg)
<use database.jpg>
Package pdftex.def Info: database.jpg  used on input line 1134. on input line 1
134.
Package pdftex.def Info: Requested size: 481.79883pt x 300.12051pt on input lin
e 1134.

Overfull \hbox (26.55472pt too wide) in paragraph at lines 1134--1135
 [][] 
 []

Rozdzia\l  11.
<login_panel.png, id=978, 869.2475pt x 617.30624pt>
File: login_panel.png Graphic file (type png)
<use login_panel.png>
Package pdftex.def Info: login_panel.png  used on input line 1142. on input lin
e 1142.
Package pdftex.def Info: Requested size: 434.62268pt x 308.65236pt on input lin
e 1142.
[40 <./nowy_typ_zasob_sequence.png> <./database.jpg>]
<logout_panel.png, id=986, 877.2775pt x 619.31375pt>
File: logout_panel.png Graphic file (type png)
<use logout_panel.png>
Package pdftex.def Info: logout_panel.png  used on input line 1148. on input li
ne 1148.
Package pdftex.def Info: Requested size: 438.63768pt x 309.65611pt on input lin
e 1148.
 [41 <./login_panel.png>]
<register_user_panel.png, id=993, 261.97874pt x 194.7275pt>
File: register_user_panel.png Graphic file (type png)
<use register_user_panel.png>
Package pdftex.def Info: register_user_panel.png  used on input line 1154. on i
nput line 1154.
Package pdftex.def Info: Requested size: 209.58327pt x 155.7822pt on input line
 1154.
<admin_panel.png, id=994, 839.135pt x 667.49374pt>
File: admin_panel.png Graphic file (type png)
<use admin_panel.png>
Package pdftex.def Info: admin_panel.png  used on input line 1160. on input lin
e 1160.
Package pdftex.def Info: Requested size: 377.60725pt x 300.36942pt on input lin
e 1160.

[42 <./logout_panel.png> <./register_user_panel.png>]
<admin_panel_user_management.png, id=1004, 840.13875pt x 665.48625pt>
File: admin_panel_user_management.png Graphic file (type png)
<use admin_panel_user_management.png>
Package pdftex.def Info: admin_panel_user_management.png  used on input line 11
66. on input line 1166.
Package pdftex.def Info: Requested size: 378.05894pt x 299.46603pt on input lin
e 1166.
<admin_panel_reports.png, id=1005, 838.13126pt x 665.48625pt>
File: admin_panel_reports.png Graphic file (type png)
<use admin_panel_reports.png>
Package pdftex.def Info: admin_panel_reports.png  used on input line 1172. on i
nput line 1172.
Package pdftex.def Info: Requested size: 377.15558pt x 299.46603pt on input lin
e 1172.
 [43 <./admin_panel.png> <./admin_panel_user_management.png>]

Package caption Warning: Unused \captionsetup[table] on input line 13.
See the caption package documentation for explanation.

Package atveryend Info: Empty hook `BeforeClearDocument' on input line 1176.
[44 <./admin_panel_reports.png>]
Package atveryend Info: Empty hook `AfterLastShipout' on input line 1176.
 (main.aux)
Package atveryend Info: Executing hook `AtVeryEndDocument' on input line 1176.
Package atveryend Info: Executing hook `AtEndAfterFileList' on input line 1176.

Package rerunfilecheck Info: File `main.out' has not changed.
(rerunfilecheck)             Checksum: F2C778BE4155636C9D2EEA0BD5346922;9739.
Package logreq Info: Writing requests to 'main.run.xml'.
\openout1 = `main.run.xml'.

Package atveryend Info: Empty hook `AtVeryVeryEnd' on input line 1176.
 ) 
Here is how much of TeX's memory you used:
 28883 strings out of 493312
 531706 string characters out of 3138898
 984053 words of memory out of 3000000
 31696 multiletter control sequences out of 15000+200000
 546911 words of font info for 60 fonts, out of 3000000 for 9000
 1141 hyphenation exceptions out of 8191
 37i,8n,65p,10424b,2254s stack positions out of 5000i,500n,10000p,200000b,50000s
 <C:\Users\Cinek\AppData\Local\MiKTeX\2.9\fonts\pk\ljfour\jknappen\ec\dpi600\
ecbx1200.pk> <C:\Users\Cinek\AppData\Local\MiKTeX\2.9\fonts\pk\ljfour\jknappen\
ec\dpi600\ecbx1440.pk> <C:\Users\Cinek\AppData\Local\MiKTeX\2.9\fonts\pk\ljfour
\jknappen\ec\dpi600\ecrm1095.pk> <C:\Users\Cinek\AppData\Local\MiKTeX\2.9\fonts
\pk\ljfour\jknappen\ec\dpi600\ecbx1095.pk> <C:\Users\Cinek\AppData\Local\MiKTeX
\2.9\fonts\pk\ljfour\jknappen\ec\dpi600\ecbx2488.pk> <C:\Users\Cinek\AppData\Lo
cal\MiKTeX\2.9\fonts\pk\ljfour\jknappen\ec\dpi600\ecrm1200.pk> <C:\Users\Cinek\
AppData\Local\MiKTeX\2.9\fonts\pk\ljfour\jknappen\ec\dpi600\ecbx2074.pk> <C:\Us
ers\Cinek\AppData\Local\MiKTeX\2.9\fonts\pk\ljfour\jknappen\ec\dpi600\eccc1200.
pk> <C:\Users\Cinek\AppData\Local\MiKTeX\2.9\fonts\pk\ljfour\jknappen\ec\dpi600
\eccc1728.pk><C:/Program Files/MiKTeX 2.9/fonts/type1/public/amsfonts/cm/cmsy10
.pfb>
Output written on main.pdf (45 pages, 1385026 bytes).
PDF statistics:
 1506 PDF objects out of 1728 (max. 8388607)
 345 named destinations out of 1000 (max. 500000)
 1155 words of extra memory for PDF output out of 10000 (max. 10000000)

